 
****************************************
Report : area
Design : newMAC_v3
Version: T-2022.03-SP5
Date   : Sat Jan 17 17:40:46 2026
****************************************

Library(s) Used:

    tcbn65lphvtwc_ccs (File: /dkits/tsmc/65nm/IP_65nm/LP/STDCELL_IO/designPackage/stclib/9-track/Front_End/timing_power_noise/CCS/tcbn65lphvt_200a/tcbn65lphvtwc_ccs.db)

Number of ports:                          233
Number of nets:                           858
Number of cells:                          629
Number of combinational cells:            500
Number of sequential cells:               110
Number of macros/black boxes:               0
Number of buf/inv:                         64
Number of references:                      32

Combinational area:               1191.600023
Buf/Inv area:                       69.120003
Noncombinational area:             858.240008
Macro/Black Box area:                0.000000
Net Interconnect area:      undefined  (Wire load has zero net area)

Total cell area:                  2049.840030
Total area:                 undefined
1
