Warning: Can't read link_library file 'dft_jtag.sldb'. (UID-3)
Warning: Can't read link_library file 'dft_lbist.sldb'. (UID-3)
Warning: Can't read link_library file 'dft_mbist.sldb'. (UID-3)
Information: Updating design information... (UID-85)
 
****************************************
Report : qor
Design : newMAC_v3
Version: T-2022.03-SP5
Date   : Sat Jan 17 17:40:45 2026
****************************************


  Timing Path Group 'clk'
  -----------------------------------
  Levels of Logic:              33.00
  Critical Path Length:          9.22
  Critical Path Slack:          13.51
  Critical Path Clk Period:     25.00
  Total Negative Slack:          0.00
  No. of Violating Paths:        0.00
  Worst Hold Violation:          0.00
  Total Hold Violation:          0.00
  No. of Hold Violations:        0.00
  -----------------------------------


  Cell Count
  -----------------------------------
  Hierarchical Cell Count:         14
  Hierarchical Port Count:        197
  Leaf Cell Count:                610
  Buf/Inv Cell Count:              64
  Buf Cell Count:                   0
  Inv Cell Count:                  64
  CT Buf/Inv Cell Count:            0
  Combinational Cell Count:       500
  Sequential Cell Count:          110
  Macro Count:                      0
  -----------------------------------


  Area
  -----------------------------------
  Combinational Area:     1191.600023
  Noncombinational Area:   858.240008
  Buf/Inv Area:             69.120003
  Total Buffer Area:             0.00
  Total Inverter Area:          69.12
  Macro/Black Box Area:      0.000000
  Net Area:                  0.000000
  -----------------------------------
  Cell Area:              2049.840030
  Design Area:            2049.840030


  Design Rules
  -----------------------------------
  Total Number of Nets:           666
  Nets With Violations:             0
  Max Trans Violations:             0
  Max Cap Violations:               0
  -----------------------------------


  Hostname: inlsrv3

  Compile CPU Statistics
  -----------------------------------------
  Resource Sharing:                    0.14
  Logic Optimization:                  1.12
  Mapping Optimization:                5.89
  -----------------------------------------
  Overall Compile Time:               21.37
  Overall Compile Wall Clock Time:    16.93

  --------------------------------------------------------------------

  Design  WNS: 0.00  TNS: 0.00  Number of Violating Paths: 0


  Design (Hold)  WNS: 0.00  TNS: 0.00  Number of Violating Paths: 0

  --------------------------------------------------------------------


1
