Warning: duplicate option '-cell_power' overrides previous value. (CMD-018)
****************************************
Report : Time Based Power
	-cell_power
	-hierarchy
	-levels 1
	-sort_by cell_internal_power
Design : newMAC_v3
Version: U-2022.12-SP1
Date   : Sat Jan 17 00:59:37 2026
****************************************



  Attributes
  ----------
      a  -  Annotated internal | leakage | switching power 
      b  -  Black-box (unresolved) cell
      c  -  Clock pin internal power only
      d  -  Does not include clock pin internal power
      h  -  Hierarchical cell

                        Internal  Switching Leakage   Total
Cell                    Power     Power     Power     Power    (     %)   Attrs
--------------------------------------------------------------------------------
u_internalStorage       1.448e-05 8.483e-06 3.704e-08 2.300e-05 (49.58%)  h
u_ADDER                 1.089e-05 1.595e-06 7.132e-09 1.249e-05 (26.93%)  h
u_MULTIPLIER            1.973e-06 1.554e-06 1.197e-08 3.539e-06 ( 7.63%)  h
u_ADDER_v2              1.791e-06 2.500e-07 1.139e-08 2.053e-06 ( 4.43%)  h
clk_gate_output_result_reg
                        3.685e-07 9.095e-08 2.658e-10 4.597e-07 ( 0.99%)  h
u_indexGen              2.186e-07 2.231e-07 6.305e-10 4.423e-07 ( 0.95%)  h
U137                    1.141e-07 1.479e-08 1.899e-10 1.291e-07 ( 0.28%)  
U172                    1.056e-07 1.756e-08 1.007e-10 1.233e-07 ( 0.27%)  
U126                    9.086e-08 1.610e-08 7.919e-11 1.070e-07 ( 0.23%)  
U120                    8.660e-08 1.512e-08 7.795e-11 1.018e-07 ( 0.22%)  
U139                    7.693e-08 6.531e-08 7.144e-11 1.423e-07 ( 0.31%)  
U167                    7.459e-08 1.697e-08 7.351e-11 9.163e-08 ( 0.20%)  
U201                    7.175e-08 1.494e-08 7.750e-11 8.677e-08 ( 0.19%)  
U191                    6.824e-08 2.890e-08 1.054e-10 9.724e-08 ( 0.21%)  
U169                    6.653e-08 1.512e-08 7.589e-11 8.173e-08 ( 0.18%)  
U192                    6.619e-08 4.636e-08 1.055e-10 1.127e-07 ( 0.24%)  
U138                    6.270e-08 1.707e-08 6.756e-11 7.985e-08 ( 0.17%)  
MUL_CNT_reg[0]          6.267e-08 1.394e-08 3.118e-10 7.693e-08 ( 0.17%)  
output_result_reg[1]    5.830e-08 1.898e-09 3.102e-10 6.050e-08 ( 0.13%)  
output_result_reg[6]    5.762e-08 1.898e-09 3.121e-10 5.983e-08 ( 0.13%)  
output_result_reg[7]    5.731e-08 1.898e-09 3.105e-10 5.952e-08 ( 0.13%)  
output_result_reg[16]   5.728e-08 1.898e-09 3.103e-10 5.949e-08 ( 0.13%)  
output_result_reg[9]    5.712e-08 1.898e-09 3.116e-10 5.933e-08 ( 0.13%)  
output_result_reg[10]   5.709e-08 1.898e-09 3.116e-10 5.930e-08 ( 0.13%)  
output_result_reg[3]    5.704e-08 1.898e-09 3.117e-10 5.925e-08 ( 0.13%)  
output_result_reg[11]   5.689e-08 1.898e-09 3.104e-10 5.910e-08 ( 0.13%)  
output_result_reg[8]    5.686e-08 1.898e-09 3.105e-10 5.907e-08 ( 0.13%)  
output_result_reg[5]    5.684e-08 1.898e-09 3.104e-10 5.905e-08 ( 0.13%)  
output_result_reg[14]   5.674e-08 1.898e-09 3.103e-10 5.895e-08 ( 0.13%)  
output_result_reg[15]   5.674e-08 1.898e-09 3.103e-10 5.895e-08 ( 0.13%)  
output_result_reg[12]   5.659e-08 1.898e-09 3.103e-10 5.880e-08 ( 0.13%)  
output_result_reg[13]   5.659e-08 1.898e-09 3.103e-10 5.880e-08 ( 0.13%)  
U193                    5.591e-08 4.277e-08 1.070e-10 9.879e-08 ( 0.21%)  
MUL_CNT_reg[1]          5.286e-08 6.082e-09 3.096e-10 5.925e-08 ( 0.13%)  
output_result_reg[4]    5.243e-08 1.265e-09 3.114e-10 5.401e-08 ( 0.12%)  
output_result_reg[2]    4.862e-08 6.327e-10 3.067e-10 4.955e-08 ( 0.11%)  
MUL_CNT_reg[2]          4.803e-08 2.529e-09 3.084e-10 5.086e-08 ( 0.11%)  
output_valid_reg        4.688e-08    0.0000 3.071e-10 4.718e-08 ( 0.10%)  
output_result_reg[0]    4.316e-08    0.0000 3.048e-10 4.347e-08 ( 0.09%)  
U124                    4.250e-08 2.187e-08 7.554e-11 6.444e-08 ( 0.14%)  
U114                    4.115e-08 2.316e-08 7.446e-11 6.438e-08 ( 0.14%)  
U171                    3.739e-08 1.232e-08 5.856e-11 4.977e-08 ( 0.11%)  
U111                    3.461e-08 1.531e-08 1.206e-10 5.004e-08 ( 0.11%)  
U166                    2.465e-08 9.744e-09 6.568e-11 3.446e-08 ( 0.07%)  
U165                    2.350e-08 3.752e-08 4.801e-11 6.107e-08 ( 0.13%)  
U168                    2.332e-08 9.171e-09 6.638e-11 3.255e-08 ( 0.07%)  
U133                    2.320e-08 6.423e-08 3.301e-11 8.746e-08 ( 0.19%)  
U105                    2.211e-08 8.489e-09 4.722e-11 3.065e-08 ( 0.07%)  
U141                    2.211e-08 8.489e-09 4.755e-11 3.065e-08 ( 0.07%)  
U150                    2.210e-08 8.489e-09 4.720e-11 3.064e-08 ( 0.07%)  
U199                    2.116e-08 2.459e-08 3.689e-11 4.579e-08 ( 0.10%)  
U129                    1.982e-08 7.640e-09 4.729e-11 2.751e-08 ( 0.06%)  
U115                    1.860e-08 3.691e-08 3.267e-11 5.554e-08 ( 0.12%)  
U121                    1.771e-08 2.395e-08 3.246e-11 4.169e-08 ( 0.09%)  
U130                    1.762e-08 6.791e-09 4.689e-11 2.445e-08 ( 0.05%)  
U116                    1.686e-08 2.238e-08 3.212e-11 3.928e-08 ( 0.08%)  
U119                    1.681e-08 1.308e-08 3.226e-11 2.993e-08 ( 0.06%)  
U113                    1.671e-08 1.857e-08 5.936e-11 3.533e-08 ( 0.08%)  
U112                    1.601e-08 6.534e-08 3.651e-11 8.139e-08 ( 0.18%)  
U200                    1.574e-08 1.541e-08 3.143e-11 3.118e-08 ( 0.07%)  
U131                    1.551e-08 5.942e-09 4.752e-11 2.150e-08 ( 0.05%)  
U140                    1.551e-08 5.942e-09 4.721e-11 2.150e-08 ( 0.05%)  
U142                    1.551e-08 5.942e-09 4.719e-11 2.150e-08 ( 0.05%)  
U143                    1.551e-08 5.942e-09 4.752e-11 2.150e-08 ( 0.05%)  
U144                    1.551e-08 5.942e-09 4.755e-11 2.150e-08 ( 0.05%)  
U145                    1.551e-08 5.942e-09 4.723e-11 2.150e-08 ( 0.05%)  
U125                    1.513e-08 1.177e-08 3.225e-11 2.694e-08 ( 0.06%)  
U134                    1.494e-08 1.939e-08 3.308e-11 3.437e-08 ( 0.07%)  
U117                    1.493e-08 8.797e-09 3.507e-11 2.376e-08 ( 0.05%)  
U118                    1.457e-08 4.487e-08 3.974e-11 5.947e-08 ( 0.13%)  
U102                    1.429e-08 1.001e-08 3.260e-11 2.434e-08 ( 0.05%)  
U132                    1.330e-08 5.093e-09 4.764e-11 1.844e-08 ( 0.04%)  
U148                    1.330e-08 5.093e-09 4.721e-11 1.844e-08 ( 0.04%)  
U149                    1.330e-08 5.093e-09 4.721e-11 1.844e-08 ( 0.04%)  
U157                    1.328e-08 2.927e-09 4.729e-11 1.625e-08 ( 0.04%)  
U158                    1.328e-08 2.927e-09 4.737e-11 1.625e-08 ( 0.04%)  
U152                    1.275e-08 2.927e-09 4.759e-11 1.573e-08 ( 0.03%)  
U110                    1.247e-08 6.816e-09 4.636e-11 1.933e-08 ( 0.04%)  
U146                    1.110e-08 4.245e-09 4.721e-11 1.539e-08 ( 0.03%)  
U147                    1.110e-08 4.245e-09 4.721e-11 1.539e-08 ( 0.03%)  
U160                    1.108e-08 2.439e-09 4.758e-11 1.356e-08 ( 0.03%)  
U155                    1.108e-08 2.439e-09 4.737e-11 1.356e-08 ( 0.03%)  
U161                    1.108e-08 2.439e-09 4.774e-11 1.356e-08 ( 0.03%)  
U153                    1.093e-08 2.439e-09 4.721e-11 1.341e-08 ( 0.03%)  
U103                    1.055e-08 3.289e-08 3.239e-11 4.347e-08 ( 0.09%)  
U170                    1.051e-08 9.269e-09 3.308e-11 1.982e-08 ( 0.04%)  
U163                    9.000e-09 6.531e-09 4.758e-11 1.558e-08 ( 0.03%)  
U162                    8.879e-09 1.951e-09 4.758e-11 1.088e-08 ( 0.02%)  
U154                    8.878e-09 1.951e-09 4.739e-11 1.088e-08 ( 0.02%)  
U106                    8.529e-09 9.035e-09 1.017e-10 1.766e-08 ( 0.04%)  
U174                    7.957e-09 1.464e-09 5.572e-11 9.477e-09 ( 0.02%)  
U104                    6.681e-09 1.464e-09 4.703e-11 8.191e-09 ( 0.02%)  
U156                    6.681e-09 1.464e-09 4.739e-11 8.192e-09 ( 0.02%)  
U159                    6.597e-09 1.464e-09 4.722e-11 8.108e-09 ( 0.02%)  
U151                    6.585e-09 5.143e-09 4.669e-11 1.177e-08 ( 0.03%)  
U173                    6.509e-09 3.240e-09 5.500e-11 9.803e-09 ( 0.02%)  
U177                    6.481e-09 1.464e-09 5.616e-11 8.001e-09 ( 0.02%)  
U179                    6.481e-09 1.464e-09 5.501e-11 7.999e-09 ( 0.02%)  
U180                    6.481e-09 1.464e-09 5.673e-11 8.001e-09 ( 0.02%)  
U181                    6.481e-09 1.464e-09 5.501e-11 7.999e-09 ( 0.02%)  
U182                    6.481e-09 1.464e-09 5.501e-11 7.999e-09 ( 0.02%)  
U183                    6.481e-09 1.464e-09 5.616e-11 8.001e-09 ( 0.02%)  
U184                    6.481e-09 1.464e-09 5.616e-11 8.001e-09 ( 0.02%)  
U185                    6.481e-09 1.464e-09 5.501e-11 7.999e-09 ( 0.02%)  
U186                    6.481e-09 1.464e-09 5.501e-11 7.999e-09 ( 0.02%)  
U187                    6.481e-09 1.464e-09 5.501e-11 7.999e-09 ( 0.02%)  
U188                    6.481e-09 1.464e-09 5.501e-11 7.999e-09 ( 0.02%)  
U189                    6.481e-09 1.464e-09 5.501e-11 7.999e-09 ( 0.02%)  
U198                    6.458e-09 3.889e-09 1.146e-10 1.046e-08 ( 0.02%)  
U128                    6.439e-09 2.547e-09 4.668e-11 9.032e-09 ( 0.02%)  
U108                    5.430e-09 1.391e-08 1.281e-10 1.947e-08 ( 0.04%)  
U122                    4.766e-09 4.786e-09 2.833e-11 9.580e-09 ( 0.02%)  
U127                    4.693e-09 5.590e-09 3.224e-11 1.031e-08 ( 0.02%)  
U190                    4.655e-09 9.855e-09 3.532e-11 1.455e-08 ( 0.03%)  
U123                    4.084e-09 6.923e-09 3.172e-11 1.104e-08 ( 0.02%)  
U136                    3.938e-09 2.306e-09 2.614e-11 6.270e-09 ( 0.01%)  
U178                    3.857e-09 9.757e-10 5.674e-11 4.890e-09 ( 0.01%)  
U107                    3.299e-09 5.416e-08 3.102e-11 5.749e-08 ( 0.12%)  
U164                    2.782e-09 8.190e-10 1.153e-10 3.717e-09 ( 0.01%)  
U176                    2.710e-09 4.878e-10 5.400e-11 3.252e-09 ( 0.01%)  
U135                    2.612e-09 3.533e-09 2.439e-11 6.169e-09 ( 0.01%)  
U197                    1.964e-09 1.376e-09 7.176e-11 3.412e-09 ( 0.01%)  
U195                    1.961e-09 3.538e-09 1.225e-11 5.511e-09 ( 0.01%)  
U109                    1.118e-09 3.419e-08 6.858e-11 3.538e-08 ( 0.08%)  
U196                    9.424e-10 1.980e-09 1.586e-11 2.939e-09 ( 0.01%)  
U194                    7.823e-10 1.191e-09 3.047e-11 2.004e-09 ( 0.00%)  
U175                    8.619e-11    0.0000 5.344e-11 1.396e-10 ( 0.00%)  
--------------------------------------------------------------------------------
Totals (127 cells)      3.287e-05 1.344e-05 8.047e-08 4.639e-05 (100.0%)


  Attributes
  ----------
      a  -  Annotated internal | leakage | switching power 
      b  -  Black-box (unresolved) cell
      c  -  Clock pin internal power only
      d  -  Does not include clock pin internal power
      h  -  Hierarchical cell

                          Peak         Peak            Glitch    X-tran
Cell                      Power        Time            Power     Power    Attrs
--------------------------------------------------------------------------------
u_internalStorage       8.136e-04 1280.00-1280.01    6.919e-08    0.0000  h
u_ADDER                 2.287e-04  742.54-742.55     1.201e-09    0.0000  h
u_MULTIPLIER            2.869e-04 1471.80-1471.81    1.371e-08    0.0000  h
u_ADDER_v2              3.258e-04 1492.64-1492.65       0.0000    0.0000  h
clk_gate_output_result_reg
                        3.371e-04 1500.00-1500.01       0.0000    0.0000  h
u_indexGen              4.153e-04  780.00-780.01     3.399e-09    0.0000  h
U137                    1.722e-05  100.06-100.07        0.0000    0.0000  
U172                    1.651e-05  720.00-720.01        0.0000    0.0000  
U126                    2.438e-05  260.03-260.04        0.0000    0.0000  
U120                    2.431e-05  240.03-240.04        0.0000    0.0000  
U139                    1.690e-05  100.06-100.07        0.0000    0.0000  
U167                    2.040e-05  440.07-440.08     2.331e-09    0.0000  
U201                    1.405e-05  620.04-620.05     8.987e-09    0.0000  
U191                    1.717e-05 1490.85-1490.86    6.478e-11    0.0000  
U169                    1.774e-05  860.04-860.05        0.0000    0.0000  
U192                    1.767e-05 1370.86-1370.87       0.0000    0.0000  
U138                    1.562e-05 1061.36-1061.37       0.0000    0.0000  
MUL_CNT_reg[0]          2.152e-05 1360.33-1360.34       0.0000    0.0000  
output_result_reg[1]    2.152e-05 1360.33-1360.34       0.0000    0.0000  
output_result_reg[6]    2.152e-05 1360.33-1360.34       0.0000    0.0000  
output_result_reg[7]    2.152e-05 1380.33-1380.34       0.0000    0.0000  
output_result_reg[16]   2.152e-05 1380.33-1380.34       0.0000    0.0000  
output_result_reg[9]    2.152e-05 1380.33-1380.34       0.0000    0.0000  
output_result_reg[10]   2.152e-05 1380.33-1380.34       0.0000    0.0000  
output_result_reg[3]    2.152e-05 1380.33-1380.34       0.0000    0.0000  
output_result_reg[11]   2.152e-05 1380.33-1380.34       0.0000    0.0000  
output_result_reg[8]    2.152e-05 1380.33-1380.34       0.0000    0.0000  
output_result_reg[5]    2.152e-05 1420.33-1420.34       0.0000    0.0000  
output_result_reg[14]   2.152e-05 1380.33-1380.34       0.0000    0.0000  
output_result_reg[15]   2.152e-05 1380.33-1380.34       0.0000    0.0000  
output_result_reg[12]   2.152e-05 1380.33-1380.34       0.0000    0.0000  
output_result_reg[13]   2.152e-05 1380.33-1380.34       0.0000    0.0000  
U193                    1.775e-05 1410.86-1410.87    5.070e-11    0.0000  
MUL_CNT_reg[1]          2.152e-05 1400.33-1400.34       0.0000    0.0000  
output_result_reg[4]    2.152e-05 1460.33-1460.34       0.0000    0.0000  
output_result_reg[2]    2.152e-05 1420.33-1420.34       0.0000    0.0000  
MUL_CNT_reg[2]          2.152e-05 1480.33-1480.34       0.0000    0.0000  
output_valid_reg        2.152e-05 1500.33-1500.34       0.0000    0.0000  
output_result_reg[0]    1.252e-05 1360.33-1360.34       0.0000    0.0000  
U124                    1.378e-05 1080.06-1080.07       0.0000    0.0000  
U114                    1.411e-05  280.07-280.08        0.0000    0.0000  
U171                    1.303e-05 1240.00-1240.01       0.0000    0.0000  
U111                    3.558e-05  760.05-760.06        0.0000    0.0000  
U166                    1.441e-05  940.07-940.08        0.0000    0.0000  
U165                    1.637e-05 1280.05-1280.06       0.0000    0.0000  
U168                    1.468e-05 1080.06-1080.07       0.0000    0.0000  
U133                    3.306e-05   80.00-80.01         0.0000    0.0000  
U105                    1.943e-05 1354.37-1354.38       0.0000    0.0000  
U141                    1.943e-05 1352.09-1352.10       0.0000    0.0000  
U150                    1.944e-05 1354.58-1354.59       0.0000    0.0000  
U199                    1.610e-05 1180.05-1180.06       0.0000    0.0000  
U129                    1.942e-05 1351.84-1351.85       0.0000    0.0000  
U115                    3.428e-05   80.00-80.01         0.0000    0.0000  
U121                    4.010e-05  100.00-100.01        0.0000    0.0000  
U130                    1.943e-05 1354.70-1354.71       0.0000    0.0000  
U116                    3.978e-05  100.00-100.01        0.0000    0.0000  
U119                    4.120e-05   80.00-80.01         0.0000    0.0000  
U113                    1.468e-04 1060.00-1060.01       0.0000    0.0000  
U112                    1.837e-05  180.17-180.18        0.0000    0.0000  
U200                    2.073e-05 1280.63-1280.64       0.0000    0.0000  
U131                    1.943e-05 1373.60-1373.61       0.0000    0.0000  
U140                    1.943e-05 1374.08-1374.09       0.0000    0.0000  
U142                    1.943e-05 1372.09-1372.10       0.0000    0.0000  
U143                    1.943e-05 1354.88-1354.89       0.0000    0.0000  
U144                    1.943e-05 1355.12-1355.13       0.0000    0.0000  
U145                    1.943e-05 1354.45-1354.46       0.0000    0.0000  
U125                    4.120e-05  100.00-100.01        0.0000    0.0000  
U134                    4.010e-05   80.00-80.01         0.0000    0.0000  
U117                    2.865e-05  140.05-140.06        0.0000    0.0000  
U118                    1.868e-05  260.32-260.33        0.0000    0.0000  
U102                    4.002e-05  180.00-180.01        0.0000    0.0000  
U132                    1.943e-05 1372.09-1372.10       0.0000    0.0000  
U148                    1.943e-05 1354.74-1354.75       0.0000    0.0000  
U149                    1.943e-05 1354.74-1354.75       0.0000    0.0000  
U157                    2.316e-05 1353.92-1353.93       0.0000    0.0000  
U158                    2.316e-05 1354.62-1354.63       0.0000    0.0000  
U152                    1.214e-05 1352.17-1352.18       0.0000    0.0000  
U110                    1.418e-04  700.00-700.01        0.0000    0.0000  
U146                    1.943e-05 1354.72-1354.73       0.0000    0.0000  
U147                    1.943e-05 1354.74-1354.75       0.0000    0.0000  
U160                    2.316e-05 1414.19-1414.20       0.0000    0.0000  
U155                    2.316e-05 1372.86-1372.87       0.0000    0.0000  
U161                    2.315e-05 1353.65-1353.66       0.0000    0.0000  
U153                    1.870e-05 1372.54-1372.55       0.0000    0.0000  
U103                    1.821e-05 1280.37-1280.38       0.0000    0.0000  
U170                    8.461e-06  180.55-180.56        0.0000    0.0000  
U163                    2.186e-05 1353.81-1353.82       0.0000    0.0000  
U162                    2.315e-05 1353.92-1353.93       0.0000    0.0000  
U154                    2.315e-05 1373.29-1373.30       0.0000    0.0000  
U106                    3.262e-05 1340.00-1340.01       0.0000    0.0000  
U174                    4.184e-05 1470.99-1471.00       0.0000    0.0000  
U104                    2.316e-05 1373.90-1373.91       0.0000    0.0000  
U156                    2.316e-05 1413.83-1413.84       0.0000    0.0000  
U159                    2.316e-05 1374.15-1374.16       0.0000    0.0000  
U151                    1.826e-05 1372.59-1372.60       0.0000    0.0000  
U173                    4.341e-05 1390.99-1391.00       0.0000    0.0000  
U177                    4.184e-05 1390.99-1391.00       0.0000    0.0000  
U179                    4.184e-05 1430.99-1431.00       0.0000    0.0000  
U180                    4.184e-05 1370.99-1371.00       0.0000    0.0000  
U181                    4.184e-05 1390.99-1391.00       0.0000    0.0000  
U182                    4.184e-05 1390.99-1391.00       0.0000    0.0000  
U183                    4.184e-05 1390.99-1391.00       0.0000    0.0000  
U184                    4.184e-05 1390.99-1391.00       0.0000    0.0000  
U185                    4.184e-05 1390.99-1391.00       0.0000    0.0000  
U186                    4.184e-05 1390.99-1391.00       0.0000    0.0000  
U187                    4.184e-05 1390.99-1391.00       0.0000    0.0000  
U188                    4.184e-05 1390.99-1391.00       0.0000    0.0000  
U189                    4.184e-05 1390.99-1391.00       0.0000    0.0000  
U198                    1.953e-05 1390.99-1391.00       0.0000    0.0000  
U128                    1.379e-05 1452.89-1452.90       0.0000    0.0000  
U108                    6.594e-05 1490.86-1490.87       0.0000    0.0000  
U122                    2.699e-05   60.07-60.08         0.0000    0.0000  
U127                    1.225e-05   60.12-60.13         0.0000    0.0000  
U190                    1.400e-05 1370.86-1370.87       0.0000    0.0000  
U123                    2.960e-05 1080.00-1080.01       0.0000    0.0000  
U136                    2.410e-05 1080.00-1080.01       0.0000    0.0000  
U178                    4.184e-05 1470.99-1471.00       0.0000    0.0000  
U107                    2.836e-05  720.79-720.80        0.0000    0.0000  
U164                    6.481e-06 1492.15-1492.16       0.0000    0.0000  
U176                    4.184e-05 1430.99-1431.00       0.0000    0.0000  
U135                    2.713e-05 1040.06-1040.07       0.0000    0.0000  
U197                    1.229e-05 1390.99-1391.00       0.0000    0.0000  
U195                    2.350e-05 1410.86-1410.87       0.0000    0.0000  
U109                    3.548e-05 1340.31-1340.32       0.0000    0.0000  
U196                    1.474e-05 1490.95-1490.96       0.0000    0.0000  
U194                    2.003e-05 1490.85-1490.86       0.0000    0.0000  
U175                    7.440e-07 1340.31-1340.32       0.0000    0.0000  
--------------------------------------------------------------------------------
Totals (127 cells)                                   9.894e-08    0.0000


                                      Int      Switch   Leak     Total
Hierarchy                             Power    Power    Power    Power    %
----------------------------------------------------------------------------------
newMAC_v3                             3.29e-05 1.34e-05 8.05e-08 4.64e-05 100.0
  u_internalStorage (internalStorage) 1.45e-05 8.48e-06 3.70e-08 2.30e-05  49.6
  u_ADDER (ADDER)                     1.09e-05 1.60e-06 7.13e-09 1.25e-05  26.9
  u_MULTIPLIER (MULTIPLIER)           1.97e-06 1.55e-06 1.20e-08 3.54e-06   7.6
  u_ADDER_v2 (ADDER_v2)               1.79e-06 2.50e-07 1.14e-08 2.05e-06   4.4
  clk_gate_output_result_reg (SNPS_CLOCK_GATE_HIGH_newMAC_v3_8) 3.68e-07 9.09e-08 2.66e-10 4.60e-07   1.0
  u_indexGen (indexGen)               2.19e-07 2.23e-07 6.31e-10 4.42e-07   1.0


                                      Peak     Peak            Glitch   X-tran
Hierarchy                             Power    Time            Power    Power
--------------------------------------------------------------------------------
newMAC_v3                             1.83e-03  780.00-780.01  9.89e-08    0.000
  u_internalStorage (internalStorage) 8.14e-04 1280.00-1280.01 6.92e-08    0.000
  u_ADDER (ADDER)                     2.29e-04  742.54-742.55  1.20e-09    0.000
  u_MULTIPLIER (MULTIPLIER)           2.87e-04 1471.80-1471.81 1.37e-08    0.000
  u_ADDER_v2 (ADDER_v2)               3.26e-04 1492.64-1492.65    0.000    0.000
  clk_gate_output_result_reg (SNPS_CLOCK_GATE_HIGH_newMAC_v3_8) 3.37e-04 1500.00-1500.01    0.000    0.000
  u_indexGen (indexGen)               4.15e-04  780.00-780.01  3.40e-09    0.000
1
