Warning: duplicate option '-cell_power' overrides previous value. (CMD-018)
****************************************
Report : Time Based Power
	-cell_power
	-hierarchy
	-levels 1
	-sort_by cell_internal_power
Design : newMAC_v3
Version: U-2022.12-SP1
Date   : Sat Jan 17 17:42:46 2026
****************************************



  Attributes
  ----------
      a  -  Annotated internal | leakage | switching power 
      b  -  Black-box (unresolved) cell
      c  -  Clock pin internal power only
      d  -  Does not include clock pin internal power
      h  -  Hierarchical cell

                        Internal  Switching Leakage   Total
Cell                    Power     Power     Power     Power    (     %)   Attrs
--------------------------------------------------------------------------------
u_internalStorage       1.167e-05 5.862e-06 3.593e-08 1.757e-05 (46.60%)  h
u_ADDER                 8.565e-06 1.274e-06 7.132e-09 9.846e-06 (26.12%)  h
u_MULTIPLIER            1.835e-06 1.268e-06 1.197e-08 3.115e-06 ( 8.27%)  h
u_ADDER_v2              1.828e-06 2.579e-07 1.139e-08 2.097e-06 ( 5.56%)  h
MUL_CNT_reg[0]          4.130e-07 1.838e-08 2.965e-10 4.316e-07 ( 1.15%)  
clk_gate_output_valid_reg
                        3.685e-07 8.662e-08 2.658e-10 4.553e-07 ( 1.21%)  h
u_indexGen              1.462e-07 1.277e-07 6.535e-10 2.745e-07 ( 0.73%)  h
U182                    8.652e-08 1.464e-08 1.047e-10 1.013e-07 ( 0.27%)  
U136                    8.286e-08 1.464e-08 7.646e-11 9.757e-08 ( 0.26%)  
U130                    8.134e-08 1.415e-08 7.534e-11 9.556e-08 ( 0.25%)  
U147                    7.927e-08 9.669e-09 1.902e-10 8.913e-08 ( 0.24%)  
U179                    6.963e-08 1.610e-08 7.632e-11 8.580e-08 ( 0.23%)  
U177                    6.264e-08 1.415e-08 7.624e-11 7.687e-08 ( 0.20%)  
U149                    5.957e-08 5.062e-08 7.067e-11 1.103e-07 ( 0.29%)  
output_result_reg[1]    5.776e-08 1.898e-09 3.102e-10 5.996e-08 ( 0.16%)  
output_result_reg[6]    5.774e-08 1.898e-09 3.121e-10 5.995e-08 ( 0.16%)  
output_result_reg[7]    5.758e-08 1.898e-09 3.105e-10 5.979e-08 ( 0.16%)  
U210                    5.748e-08 1.209e-08 8.001e-11 6.965e-08 ( 0.18%)  
output_result_reg[16]   5.728e-08 1.898e-09 3.104e-10 5.949e-08 ( 0.16%)  
output_result_reg[9]    5.724e-08 1.898e-09 3.116e-10 5.945e-08 ( 0.16%)  
output_result_reg[10]   5.721e-08 1.898e-09 3.116e-10 5.942e-08 ( 0.16%)  
output_result_reg[8]    5.716e-08 1.898e-09 3.105e-10 5.937e-08 ( 0.16%)  
output_result_reg[3]    5.704e-08 1.898e-09 3.117e-10 5.925e-08 ( 0.16%)  
output_result_reg[11]   5.689e-08 1.898e-09 3.104e-10 5.910e-08 ( 0.16%)  
output_result_reg[5]    5.684e-08 1.898e-09 3.104e-10 5.905e-08 ( 0.16%)  
output_result_reg[14]   5.674e-08 1.898e-09 3.103e-10 5.895e-08 ( 0.16%)  
output_result_reg[15]   5.674e-08 1.898e-09 3.103e-10 5.895e-08 ( 0.16%)  
output_result_reg[12]   5.659e-08 1.898e-09 3.103e-10 5.880e-08 ( 0.16%)  
output_result_reg[13]   5.659e-08 1.898e-09 3.103e-10 5.880e-08 ( 0.16%)  
MUL_CNT_reg[1]          5.315e-08 8.364e-09 3.096e-10 6.182e-08 ( 0.16%)  
output_result_reg[4]    5.243e-08 1.265e-09 3.114e-10 5.401e-08 ( 0.14%)  
U148                    4.988e-08 1.317e-08 6.757e-11 6.312e-08 ( 0.17%)  
output_result_reg[2]    4.817e-08 6.327e-10 3.066e-10 4.911e-08 ( 0.13%)  
MUL_CNT_reg[2]          4.804e-08 3.119e-09 3.084e-10 5.147e-08 ( 0.14%)  
output_valid_reg        4.474e-08    0.0000 3.071e-10 4.505e-08 ( 0.12%)  
output_result_reg[0]    4.316e-08    0.0000 3.049e-10 4.347e-08 ( 0.12%)  
U134                    4.041e-08 2.059e-08 7.801e-11 6.107e-08 ( 0.16%)  
U201                    3.690e-08 1.619e-08 1.071e-10 5.320e-08 ( 0.14%)  
U123                    3.687e-08 2.059e-08 7.724e-11 5.753e-08 ( 0.15%)  
U181                    2.985e-08 9.856e-09 5.575e-11 3.976e-08 ( 0.11%)  
U120                    2.932e-08 1.750e-08 1.191e-10 4.694e-08 ( 0.12%)  
U202                    2.801e-08 2.016e-08 1.071e-10 4.827e-08 ( 0.13%)  
U152                    2.652e-08 1.019e-08 4.722e-11 3.675e-08 ( 0.10%)  
U178                    2.504e-08 9.744e-09 6.374e-11 3.485e-08 ( 0.09%)  
U203                    2.456e-08 1.833e-08 1.071e-10 4.300e-08 ( 0.11%)  
U151                    2.431e-08 9.338e-09 4.756e-11 3.370e-08 ( 0.09%)  
U176                    2.375e-08 9.171e-09 6.304e-11 3.298e-08 ( 0.09%)  
U160                    2.210e-08 8.489e-09 4.720e-11 3.064e-08 ( 0.08%)  
U111                    1.991e-08 7.640e-09 4.719e-11 2.760e-08 ( 0.07%)  
U153                    1.771e-08 6.791e-09 4.752e-11 2.455e-08 ( 0.07%)  
U154                    1.771e-08 6.791e-09 4.755e-11 2.455e-08 ( 0.07%)  
U166                    1.767e-08 3.903e-09 4.729e-11 2.162e-08 ( 0.06%)  
U208                    1.726e-08 1.990e-08 3.927e-11 3.721e-08 ( 0.10%)  
U122                    1.629e-08 1.624e-08 5.367e-11 3.259e-08 ( 0.09%)  
U175                    1.593e-08 2.558e-08 4.805e-11 4.156e-08 ( 0.11%)  
U121                    1.586e-08 6.534e-08 3.982e-11 8.125e-08 ( 0.22%)  
U128                    1.585e-08 4.786e-08 3.646e-11 6.374e-08 ( 0.17%)  
U141                    1.551e-08 5.942e-09 4.752e-11 2.150e-08 ( 0.06%)  
U150                    1.551e-08 5.942e-09 4.721e-11 2.150e-08 ( 0.06%)  
U155                    1.551e-08 5.942e-09 4.723e-11 2.150e-08 ( 0.06%)  
U167                    1.548e-08 3.415e-09 4.737e-11 1.894e-08 ( 0.05%)  
U162                    1.530e-08 3.415e-09 4.721e-11 1.876e-08 ( 0.05%)  
U144                    1.518e-08 2.053e-08 3.246e-11 3.574e-08 ( 0.09%)  
U110                    1.513e-08 3.415e-09 4.758e-11 1.860e-08 ( 0.05%)  
U129                    1.513e-08 1.177e-08 3.225e-11 2.694e-08 ( 0.07%)  
U118                    1.503e-08 3.396e-09 1.092e-10 1.854e-08 ( 0.05%)  
U211                    1.442e-08 4.245e-09 1.137e-10 1.878e-08 ( 0.05%)  
U125                    1.409e-08 1.791e-08 3.274e-11 3.203e-08 ( 0.08%)  
U143                    1.349e-08 3.953e-08 3.239e-11 5.305e-08 ( 0.14%)  
U135                    1.345e-08 1.046e-08 3.225e-11 2.395e-08 ( 0.06%)  
U142                    1.330e-08 5.093e-09 4.765e-11 1.844e-08 ( 0.05%)  
U158                    1.330e-08 5.093e-09 4.722e-11 1.844e-08 ( 0.05%)  
U159                    1.330e-08 5.093e-09 4.722e-11 1.844e-08 ( 0.05%)  
U209                    1.275e-08 1.247e-08 3.142e-11 2.525e-08 ( 0.07%)  
U124                    1.268e-08 2.516e-08 3.267e-11 3.788e-08 ( 0.10%)  
U109                    1.261e-08 8.835e-09 3.260e-11 2.148e-08 ( 0.06%)  
U127                    1.243e-08 3.508e-08 3.301e-11 4.754e-08 ( 0.13%)  
U207                    1.221e-08 4.383e-09 1.146e-10 1.671e-08 ( 0.04%)  
U131                    1.180e-08 1.597e-08 3.246e-11 2.781e-08 ( 0.07%)  
U126                    1.160e-08 7.541e-09 3.240e-11 1.917e-08 ( 0.05%)  
U180                    1.122e-08 9.887e-09 3.308e-11 2.114e-08 ( 0.06%)  
U156                    1.110e-08 4.245e-09 4.722e-11 1.539e-08 ( 0.04%)  
U157                    1.110e-08 4.245e-09 4.722e-11 1.539e-08 ( 0.04%)  
U170                    1.108e-08 2.439e-09 4.759e-11 1.356e-08 ( 0.04%)  
U164                    1.108e-08 2.439e-09 4.737e-11 1.356e-08 ( 0.04%)  
U168                    1.108e-08 2.439e-09 4.704e-11 1.356e-08 ( 0.04%)  
U171                    1.108e-08 2.439e-09 4.774e-11 1.356e-08 ( 0.04%)  
U140                    1.101e-08 4.245e-09 4.688e-11 1.530e-08 ( 0.04%)  
U139                    1.101e-08 4.245e-09 4.729e-11 1.530e-08 ( 0.04%)  
U173                    9.000e-09 6.531e-09 4.758e-11 1.558e-08 ( 0.04%)  
U172                    8.879e-09 1.951e-09 4.758e-11 1.088e-08 ( 0.03%)  
U163                    8.878e-09 1.951e-09 4.739e-11 1.088e-08 ( 0.03%)  
U184                    7.957e-09 1.464e-09 5.572e-11 9.477e-09 ( 0.03%)  
U165                    6.681e-09 1.464e-09 4.740e-11 8.192e-09 ( 0.02%)  
U169                    6.679e-09 1.464e-09 4.723e-11 8.190e-09 ( 0.02%)  
U161                    6.585e-09 5.143e-09 4.670e-11 1.177e-08 ( 0.03%)  
U183                    6.509e-09 3.240e-09 5.501e-11 9.803e-09 ( 0.03%)  
U187                    6.481e-09 1.464e-09 5.616e-11 8.001e-09 ( 0.02%)  
U189                    6.481e-09 1.464e-09 5.501e-11 7.999e-09 ( 0.02%)  
U190                    6.481e-09 1.464e-09 5.674e-11 8.001e-09 ( 0.02%)  
U191                    6.481e-09 1.464e-09 5.501e-11 7.999e-09 ( 0.02%)  
U192                    6.481e-09 1.464e-09 5.501e-11 7.999e-09 ( 0.02%)  
U193                    6.481e-09 1.464e-09 5.616e-11 8.001e-09 ( 0.02%)  
U194                    6.481e-09 1.464e-09 5.616e-11 8.001e-09 ( 0.02%)  
U195                    6.481e-09 1.464e-09 5.501e-11 7.999e-09 ( 0.02%)  
U196                    6.481e-09 1.464e-09 5.501e-11 7.999e-09 ( 0.02%)  
U197                    6.481e-09 1.464e-09 5.501e-11 7.999e-09 ( 0.02%)  
U198                    6.481e-09 1.464e-09 5.501e-11 7.999e-09 ( 0.02%)  
U199                    6.481e-09 1.464e-09 5.501e-11 7.999e-09 ( 0.02%)  
U138                    6.439e-09 2.547e-09 4.669e-11 9.032e-09 ( 0.02%)  
U114                    6.430e-09 1.391e-08 1.281e-10 2.047e-08 ( 0.05%)  
U133                    5.639e-09 8.298e-09 2.722e-11 1.396e-08 ( 0.04%)  
U112                    5.040e-09 4.517e-09 1.017e-10 9.659e-09 ( 0.03%)  
U117                    4.971e-09 3.850e-09 6.964e-11 8.891e-09 ( 0.02%)  
U200                    4.602e-09 8.376e-09 3.532e-11 1.301e-08 ( 0.03%)  
U212                    4.556e-09 8.489e-10 1.497e-10 5.555e-09 ( 0.01%)  
U146                    4.464e-09 3.459e-09 2.375e-11 7.947e-09 ( 0.02%)  
U132                    4.114e-09 5.983e-09 2.643e-11 1.012e-08 ( 0.03%)  
U188                    3.857e-09 9.757e-10 5.674e-11 4.890e-09 ( 0.01%)  
U145                    3.056e-09 4.710e-09 2.516e-11 7.792e-09 ( 0.02%)  
U206                    3.017e-09 1.055e-09 7.175e-11 4.143e-09 ( 0.01%)  
U119                    2.906e-09 1.363e-09 5.732e-11 4.327e-09 ( 0.01%)  
U174                    2.782e-09 8.190e-10 1.153e-10 3.717e-09 ( 0.01%)  
U137                    2.737e-09 3.354e-09 3.224e-11 6.123e-09 ( 0.02%)  
U186                    2.710e-09 4.878e-10 5.400e-11 3.252e-09 ( 0.01%)  
U116                    1.961e-09 4.795e-09 1.225e-11 6.768e-09 ( 0.02%)  
U113                    1.649e-09 2.708e-08 3.101e-11 2.876e-08 ( 0.08%)  
U205                    1.139e-09 1.980e-09 1.586e-11 3.135e-09 ( 0.01%)  
U115                    1.118e-09 3.419e-08 6.858e-11 3.538e-08 ( 0.09%)  
U204                    7.936e-10 2.031e-09 3.047e-11 2.855e-09 ( 0.01%)  
U185                    8.619e-11    0.0000 5.344e-11 1.396e-10 ( 0.00%)  
--------------------------------------------------------------------------------
Totals (131 cells)      2.767e-05 9.938e-06 7.981e-08 3.769e-05 (100.0%)


  Attributes
  ----------
      a  -  Annotated internal | leakage | switching power 
      b  -  Black-box (unresolved) cell
      c  -  Clock pin internal power only
      d  -  Does not include clock pin internal power
      h  -  Hierarchical cell

                          Peak         Peak            Glitch    X-tran
Cell                      Power        Time            Power     Power    Attrs
--------------------------------------------------------------------------------
u_internalStorage       8.136e-04 1160.00-1160.01    9.527e-09    0.0000  h
u_ADDER                 2.107e-04 1140.76-1140.77    6.287e-11    0.0000  h
u_MULTIPLIER            3.174e-04 1412.53-1412.54    2.970e-08    0.0000  h
u_ADDER_v2              3.319e-04 1492.72-1492.73       0.0000    0.0000  h
MUL_CNT_reg[0]          2.759e-04 1360.00-1360.01       0.0000    0.0000  
clk_gate_output_valid_reg
                        3.372e-04 1500.00-1500.01       0.0000    0.0000  h
u_indexGen              2.781e-04 1280.00-1280.01    2.801e-09    0.0000  h
U182                    1.651e-05 1060.00-1060.01       0.0000    0.0000  
U136                    2.438e-05  120.03-120.04        0.0000    0.0000  
U130                    2.431e-05  360.03-360.04        0.0000    0.0000  
U147                    1.722e-05   80.06-80.07         0.0000    0.0000  
U179                    1.774e-05  520.04-520.05     3.371e-11    0.0000  
U177                    1.770e-05 1140.04-1140.05       0.0000    0.0000  
U149                    1.690e-05  480.06-480.07        0.0000    0.0000  
output_result_reg[1]    2.252e-05 1360.32-1360.33       0.0000    0.0000  
output_result_reg[6]    2.252e-05 1360.32-1360.33       0.0000    0.0000  
output_result_reg[7]    2.252e-05 1380.32-1380.33       0.0000    0.0000  
U210                    1.405e-05  580.04-580.05     1.774e-09    0.0000  
output_result_reg[16]   2.252e-05 1380.32-1380.33       0.0000    0.0000  
output_result_reg[9]    2.252e-05 1380.32-1380.33       0.0000    0.0000  
output_result_reg[10]   2.252e-05 1380.32-1380.33       0.0000    0.0000  
output_result_reg[8]    2.252e-05 1380.32-1380.33       0.0000    0.0000  
output_result_reg[3]    2.252e-05 1380.32-1380.33       0.0000    0.0000  
output_result_reg[11]   2.252e-05 1380.32-1380.33       0.0000    0.0000  
output_result_reg[5]    2.252e-05 1420.32-1420.33       0.0000    0.0000  
output_result_reg[14]   2.252e-05 1380.32-1380.33       0.0000    0.0000  
output_result_reg[15]   2.252e-05 1380.32-1380.33       0.0000    0.0000  
output_result_reg[12]   2.252e-05 1380.32-1380.33       0.0000    0.0000  
output_result_reg[13]   2.252e-05 1380.32-1380.33       0.0000    0.0000  
MUL_CNT_reg[1]          2.252e-05 1400.32-1400.33       0.0000    0.0000  
output_result_reg[4]    2.252e-05 1460.32-1460.33       0.0000    0.0000  
U148                    1.562e-05  621.36-621.37        0.0000    0.0000  
output_result_reg[2]    2.252e-05 1420.32-1420.33       0.0000    0.0000  
MUL_CNT_reg[2]          2.252e-05 1480.32-1480.33       0.0000    0.0000  
output_valid_reg        2.252e-05 1500.32-1500.33       0.0000    0.0000  
output_result_reg[0]    1.311e-05 1360.32-1360.33       0.0000    0.0000  
U134                    1.378e-05  640.06-640.07     4.276e-11    0.0000  
U201                    1.631e-05 1490.85-1490.86       0.0000    0.0000  
U123                    1.411e-05  820.07-820.08        0.0000    0.0000  
U181                    1.303e-05 1160.00-1160.01       0.0000    0.0000  
U120                    3.558e-05  160.05-160.06        0.0000    0.0000  
U202                    1.623e-05 1370.53-1370.54       0.0000    0.0000  
U152                    1.943e-05 1354.05-1354.06       0.0000    0.0000  
U178                    1.468e-05  640.06-640.07     4.344e-11    0.0000  
U203                    1.644e-05 1410.86-1410.87    1.014e-10    0.0000  
U151                    1.943e-05 1352.08-1352.09       0.0000    0.0000  
U176                    1.441e-05  980.07-980.08        0.0000    0.0000  
U160                    1.944e-05 1354.23-1354.24       0.0000    0.0000  
U111                    1.943e-05 1372.08-1372.09       0.0000    0.0000  
U153                    1.943e-05 1354.56-1354.57       0.0000    0.0000  
U154                    1.943e-05 1354.80-1354.81       0.0000    0.0000  
U166                    2.316e-05 1353.60-1353.61       0.0000    0.0000  
U208                    1.610e-05 1200.05-1200.06       0.0000    0.0000  
U122                    9.591e-05 1120.00-1120.01       0.0000    0.0000  
U175                    1.637e-05 1300.05-1300.06       0.0000    0.0000  
U121                    1.837e-05  180.17-180.18        0.0000    0.0000  
U128                    1.868e-05  160.32-160.33        0.0000    0.0000  
U141                    1.943e-05 1373.51-1373.52       0.0000    0.0000  
U150                    1.943e-05 1373.99-1374.00       0.0000    0.0000  
U155                    1.943e-05 1354.10-1354.11       0.0000    0.0000  
U167                    2.316e-05 1354.30-1354.31       0.0000    0.0000  
U162                    1.870e-05 1372.45-1372.46       0.0000    0.0000  
U144                    4.010e-05  140.00-140.01        0.0000    0.0000  
U110                    1.214e-05 1431.82-1431.83    1.391e-10    0.0000  
U129                    4.120e-05  120.00-120.01        0.0000    0.0000  
U118                    1.911e-05 1390.99-1391.00       0.0000    0.0000  
U211                    1.089e-05 1350.63-1350.64       0.0000    0.0000  
U125                    3.978e-05  100.00-100.01        0.0000    0.0000  
U143                    3.306e-05  100.00-100.01        0.0000    0.0000  
U135                    4.120e-05  100.00-100.01        0.0000    0.0000  
U142                    1.943e-05 1372.08-1372.09       0.0000    0.0000  
U158                    1.943e-05 1354.39-1354.40       0.0000    0.0000  
U159                    1.943e-05 1354.39-1354.40       0.0000    0.0000  
U209                    2.073e-05 1320.16-1320.17       0.0000    0.0000  
U124                    3.428e-05  120.00-120.01        0.0000    0.0000  
U109                    4.002e-05  180.00-180.01        0.0000    0.0000  
U127                    1.821e-05 1280.17-1280.18       0.0000    0.0000  
U207                    1.657e-05 1370.53-1370.54       0.0000    0.0000  
U131                    4.010e-05  100.00-100.01        0.0000    0.0000  
U126                    2.865e-05  640.05-640.06        0.0000    0.0000  
U180                    8.461e-06   61.02-61.03         0.0000    0.0000  
U156                    1.943e-05 1354.37-1354.38       0.0000    0.0000  
U157                    1.943e-05 1354.39-1354.40       0.0000    0.0000  
U170                    2.316e-05 1353.03-1353.04       0.0000    0.0000  
U164                    2.316e-05 1372.77-1372.78       0.0000    0.0000  
U168                    2.316e-05 1373.88-1373.89       0.0000    0.0000  
U171                    2.315e-05 1353.30-1353.31       0.0000    0.0000  
U140                    1.943e-05 1354.38-1354.39       0.0000    0.0000  
U139                    1.942e-05 1351.83-1351.84       0.0000    0.0000  
U173                    2.186e-05 1353.46-1353.47       0.0000    0.0000  
U172                    2.315e-05 1413.48-1413.49       0.0000    0.0000  
U163                    2.315e-05 1373.21-1373.22       0.0000    0.0000  
U184                    4.184e-05 1370.98-1370.99       0.0000    0.0000  
U165                    2.316e-05 1413.84-1413.85       0.0000    0.0000  
U169                    2.316e-05 1374.13-1374.14       0.0000    0.0000  
U161                    1.825e-05 1372.51-1372.52       0.0000    0.0000  
U183                    4.341e-05 1390.98-1390.99       0.0000    0.0000  
U187                    4.184e-05 1390.98-1390.99       0.0000    0.0000  
U189                    4.184e-05 1430.98-1430.99       0.0000    0.0000  
U190                    4.184e-05 1370.98-1370.99       0.0000    0.0000  
U191                    4.184e-05 1450.98-1450.99       0.0000    0.0000  
U192                    4.184e-05 1390.98-1390.99       0.0000    0.0000  
U193                    4.184e-05 1390.98-1390.99       0.0000    0.0000  
U194                    4.184e-05 1390.98-1390.99       0.0000    0.0000  
U195                    4.184e-05 1390.98-1390.99       0.0000    0.0000  
U196                    4.184e-05 1390.98-1390.99       0.0000    0.0000  
U197                    4.184e-05 1390.98-1390.99       0.0000    0.0000  
U198                    4.184e-05 1390.98-1390.99       0.0000    0.0000  
U199                    4.184e-05 1390.98-1390.99       0.0000    0.0000  
U138                    1.379e-05 1372.99-1373.00       0.0000    0.0000  
U114                    4.113e-05 1340.09-1340.10       0.0000    0.0000  
U133                    2.960e-05  640.00-640.01     2.017e-09    0.0000  
U112                    2.012e-05  900.37-900.38        0.0000    0.0000  
U117                    1.457e-05 1470.70-1470.71       0.0000    0.0000  
U200                    1.303e-05 1370.53-1370.54       0.0000    0.0000  
U212                    2.119e-05 1390.99-1391.00       0.0000    0.0000  
U146                    2.410e-05   60.00-60.01         0.0000    0.0000  
U132                    2.699e-05  900.07-900.08        0.0000    0.0000  
U188                    4.184e-05 1470.98-1470.99       0.0000    0.0000  
U145                    2.713e-05  640.06-640.07     5.888e-11    0.0000  
U206                    1.392e-05 1410.92-1410.93       0.0000    0.0000  
U119                    1.107e-04 1240.00-1240.01       0.0000    0.0000  
U174                    6.481e-06 1492.23-1492.24       0.0000    0.0000  
U137                    1.225e-05   60.12-60.13         0.0000    0.0000  
U186                    4.184e-05 1430.98-1430.99       0.0000    0.0000  
U116                    1.881e-05 1410.53-1410.54       0.0000    0.0000  
U113                    2.836e-05  880.80-880.81        0.0000    0.0000  
U205                    1.100e-05 1490.70-1490.71       0.0000    0.0000  
U115                    3.548e-05 1340.31-1340.32       0.0000    0.0000  
U204                    2.188e-05 1490.85-1490.86       0.0000    0.0000  
U185                    7.440e-07 1340.31-1340.32       0.0000    0.0000  
--------------------------------------------------------------------------------
Totals (131 cells)                                   4.630e-08    0.0000


                                      Int      Switch   Leak     Total
Hierarchy                             Power    Power    Power    Power    %
----------------------------------------------------------------------------------
newMAC_v3                             2.77e-05 9.94e-06 7.98e-08 3.77e-05 100.0
  u_internalStorage (internalStorage) 1.17e-05 5.86e-06 3.59e-08 1.76e-05  46.6
  u_ADDER (ADDER)                     8.56e-06 1.27e-06 7.13e-09 9.85e-06  26.1
  u_MULTIPLIER (MULTIPLIER)           1.84e-06 1.27e-06 1.20e-08 3.12e-06   8.3
  u_ADDER_v2 (ADDER_v2)               1.83e-06 2.58e-07 1.14e-08 2.10e-06   5.6
  clk_gate_output_valid_reg (SNPS_CLOCK_GATE_HIGH_newMAC_v3) 3.68e-07 8.66e-08 2.66e-10 4.55e-07   1.2
  u_indexGen (indexGen)               1.46e-07 1.28e-07 6.53e-10 2.74e-07   0.7


                                      Peak     Peak            Glitch   X-tran
Hierarchy                             Power    Time            Power    Power
--------------------------------------------------------------------------------
newMAC_v3                             1.89e-03  700.00-700.01  4.63e-08    0.000
  u_internalStorage (internalStorage) 8.14e-04 1160.00-1160.01 9.53e-09    0.000
  u_ADDER (ADDER)                     2.11e-04 1140.76-1140.77 6.29e-11    0.000
  u_MULTIPLIER (MULTIPLIER)           3.17e-04 1412.53-1412.54 2.97e-08    0.000
  u_ADDER_v2 (ADDER_v2)               3.32e-04 1492.72-1492.73    0.000    0.000
  clk_gate_output_valid_reg (SNPS_CLOCK_GATE_HIGH_newMAC_v3) 3.37e-04 1500.00-1500.01    0.000    0.000
  u_indexGen (indexGen)               2.78e-04 1280.00-1280.01 2.80e-09    0.000
1
