****************************************
Report : Time Based Power
	-net_power
	-sort_by net_switching_power
Design : newMAC_v3
Version: U-2022.12-SP1
Date   : Sat Jan 17 16:48:14 2026
****************************************



  Attributes
  ----------
      a  -  Switching activity information / Switching power information annotated on net
      p  -  Propagated switching activity information on net
      d  -  Default switching activity used on net
      u  -  Net switching activity uninitialized
      m  -  Net is driven by multiple pins
      b  -  Net is a primary input (boundary net)

		Toggle rates reported with respect to time unit 1ns
--------------------------------------------------------------------------------
                                  Total      Static   Toggle   Switching
Net                         Vdd   Net Load   Prob.    Rate     Power      Attrs
--------------------------------------------------------------------------------
u_internalStorage/n105      1.08    0.001    0.558    0.0192   1.188e-08  a
u_internalStorage/partialAcc[5][4]
                            1.08    0.001    0.562    0.0014   1.165e-09  a
u_internalStorage/clk       1.08    0.068    0.500    0.1007      0.0000  ab
u_internalStorage/rst_n     1.08    0.180    1.000    0.0000      0.0000  ab
--------------------------------------------------------------------------------
Total (4 nets)                                                 1.305e-08 Watt

1
