****************************************
Report : Time Based Power
	-net_power
	-sort_by net_switching_power
Design : newMAC_v3
Version: U-2022.12-SP1
Date   : Sat Jan 17 00:52:28 2026
****************************************



  Attributes
  ----------
      a  -  Switching activity information / Switching power information annotated on net
      p  -  Propagated switching activity information on net
      d  -  Default switching activity used on net
      u  -  Net switching activity uninitialized
      m  -  Net is driven by multiple pins
      b  -  Net is a primary input (boundary net)

		Toggle rates reported with respect to time unit 1ns
--------------------------------------------------------------------------------
                                  Total      Static   Toggle   Switching
Net                         Vdd   Net Load   Prob.    Rate     Power      Attrs
--------------------------------------------------------------------------------
u_internalStorage/net197    1.08    0.007    0.082    0.0164   6.496e-08  a
u_internalStorage/N89       1.08    0.001    0.091    0.0288   1.783e-08  a
u_internalStorage/partialAcc[5][4]
                            1.08    0.001    0.562    0.0014   6.175e-10  a
u_internalStorage/rst_n     1.08    0.180    1.000    0.0000      0.0000  ab
--------------------------------------------------------------------------------
Total (4 nets)                                                 8.341e-08 Watt

1
