 
****************************************
Report : area
Design : newMAC_v5
Version: T-2022.03-SP5
Date   : Fri Jan 30 12:09:07 2026
****************************************

Library(s) Used:

    tcbn65lphvtwc_ccs (File: /dkits/tsmc/65nm/IP_65nm/LP/STDCELL_IO/designPackage/stclib/9-track/Front_End/timing_power_noise/CCS/tcbn65lphvt_200a/tcbn65lphvtwc_ccs.db)

Number of ports:                          272
Number of nets:                           904
Number of cells:                          599
Number of combinational cells:            538
Number of sequential cells:                47
Number of macros/black boxes:               0
Number of buf/inv:                         95
Number of references:                      21

Combinational area:               1620.720022
Buf/Inv area:                      102.960004
Noncombinational area:             369.360003
Macro/Black Box area:                0.000000
Net Interconnect area:      undefined  (Wire load has zero net area)

Total cell area:                  1990.080025
Total area:                 undefined
1
