 
****************************************
Report : area
Design : newMAC
Version: T-2022.03-SP5
Date   : Wed Jan  7 20:24:01 2026
****************************************

Library(s) Used:

    tcbn65lphvtwc_ccs (File: /dkits/tsmc/65nm/IP_65nm/LP/STDCELL_IO/designPackage/stclib/9-track/Front_End/timing_power_noise/CCS/tcbn65lphvt_200a/tcbn65lphvtwc_ccs.db)

Number of ports:                           92
Number of nets:                           728
Number of cells:                          638
Number of combinational cells:            482
Number of sequential cells:               146
Number of macros/black boxes:               0
Number of buf/inv:                         70
Number of references:                      45

Combinational area:               1212.120016
Buf/Inv area:                       75.600003
Noncombinational area:            1143.360011
Macro/Black Box area:                0.000000
Net Interconnect area:      undefined  (Wire load has zero net area)

Total cell area:                  2355.480027
Total area:                 undefined
1
