Warning: Can't read link_library file 'dft_jtag.sldb'. (UID-3)
Warning: Can't read link_library file 'dft_lbist.sldb'. (UID-3)
Warning: Can't read link_library file 'dft_mbist.sldb'. (UID-3)
Information: Updating design information... (UID-85)
 
****************************************
Report : qor
Design : newMAC
Version: T-2022.03-SP5
Date   : Wed Jan  7 20:24:00 2026
****************************************


  Timing Path Group 'clk'
  -----------------------------------
  Levels of Logic:              28.00
  Critical Path Length:          9.96
  Critical Path Slack:          12.68
  Critical Path Clk Period:     25.00
  Total Negative Slack:          0.00
  No. of Violating Paths:        0.00
  Worst Hold Violation:          0.00
  Total Hold Violation:          0.00
  No. of Hold Violations:        0.00
  -----------------------------------


  Cell Count
  -----------------------------------
  Hierarchical Cell Count:         10
  Hierarchical Port Count:         52
  Leaf Cell Count:                628
  Buf/Inv Cell Count:              70
  Buf Cell Count:                   0
  Inv Cell Count:                  70
  CT Buf/Inv Cell Count:            0
  Combinational Cell Count:       482
  Sequential Cell Count:          146
  Macro Count:                      0
  -----------------------------------


  Area
  -----------------------------------
  Combinational Area:     1212.120016
  Noncombinational Area:  1143.360011
  Buf/Inv Area:             75.600003
  Total Buffer Area:             0.00
  Total Inverter Area:          75.60
  Macro/Black Box Area:      0.000000
  Net Area:                  0.000000
  -----------------------------------
  Cell Area:              2355.480027
  Design Area:            2355.480027


  Design Rules
  -----------------------------------
  Total Number of Nets:           676
  Nets With Violations:             0
  Max Trans Violations:             0
  Max Cap Violations:               0
  -----------------------------------


  Hostname: inlsrv3

  Compile CPU Statistics
  -----------------------------------------
  Resource Sharing:                    0.15
  Logic Optimization:                  1.30
  Mapping Optimization:                6.02
  -----------------------------------------
  Overall Compile Time:               21.08
  Overall Compile Wall Clock Time:    15.62

  --------------------------------------------------------------------

  Design  WNS: 0.00  TNS: 0.00  Number of Violating Paths: 0


  Design (Hold)  WNS: 0.00  TNS: 0.00  Number of Violating Paths: 0

  --------------------------------------------------------------------


1
