 
****************************************
Report : area
Design : newMAC_v2
Version: T-2022.03-SP5
Date   : Fri Jan 16 19:12:24 2026
****************************************

Library(s) Used:

    tcbn65lphvtwc_ccs (File: /dkits/tsmc/65nm/IP_65nm/LP/STDCELL_IO/designPackage/stclib/9-track/Front_End/timing_power_noise/CCS/tcbn65lphvt_200a/tcbn65lphvtwc_ccs.db)

Number of ports:                          181
Number of nets:                           649
Number of cells:                          468
Number of combinational cells:            344
Number of sequential cells:               110
Number of macros/black boxes:               0
Number of buf/inv:                         51
Number of references:                      31

Combinational area:                931.680012
Buf/Inv area:                       55.080002
Noncombinational area:             858.240008
Macro/Black Box area:                0.000000
Net Interconnect area:      undefined  (Wire load has zero net area)

Total cell area:                  1789.920020
Total area:                 undefined
1
