Warning: duplicate option '-cell_power' overrides previous value. (CMD-018)
****************************************
Report : Time Based Power
	-cell_power
	-hierarchy
	-levels 1
	-sort_by cell_internal_power
Design : newMAC_v4
Version: U-2022.12-SP1
Date   : Fri Jan 30 00:30:26 2026
****************************************



  Attributes
  ----------
      a  -  Annotated internal | leakage | switching power 
      b  -  Black-box (unresolved) cell
      c  -  Clock pin internal power only
      d  -  Does not include clock pin internal power
      h  -  Hierarchical cell

                        Internal  Switching Leakage   Total
Cell                    Power     Power     Power     Power    (     %)   Attrs
--------------------------------------------------------------------------------
u_ADDER                 9.807e-06 1.559e-06 1.006e-08 1.138e-05 (28.62%)  h
u_ADDER_v3              3.643e-06 5.278e-07 1.237e-08 4.183e-06 (10.52%)  h
u_MULTIPLIER_V1         3.220e-06 1.505e-06 1.647e-08 4.741e-06 (11.93%)  h
u_inputGen              9.861e-07 7.406e-07 2.325e-09 1.729e-06 ( 4.35%)  h
sumTemp_reg[6]          5.823e-07 4.336e-08 3.290e-10 6.260e-07 ( 1.57%)  
sumTemp_reg[4]          5.698e-07 3.523e-08 3.239e-10 6.053e-07 ( 1.52%)  
sumTemp_reg[1]          5.659e-07 3.541e-08 3.296e-10 6.016e-07 ( 1.51%)  
sumTemp_reg[5]          5.647e-07 4.336e-08 3.261e-10 6.084e-07 ( 1.53%)  
sumTemp_reg[3]          5.518e-07 4.065e-08 3.229e-10 5.928e-07 ( 1.49%)  
sumTemp_reg[13]         5.499e-07 2.367e-08 3.084e-10 5.739e-07 ( 1.44%)  
sumTemp_reg[2]          5.401e-07 3.545e-08 3.215e-10 5.759e-07 ( 1.45%)  
clk_gate_weight_last_reg
                        5.372e-07 7.113e-07 2.816e-10 1.249e-06 ( 3.14%)  h
sumTemp_reg[9]          5.358e-07 1.663e-08 3.075e-10 5.528e-07 ( 1.39%)  
sumTemp_reg[7]          5.337e-07 3.794e-08 3.216e-10 5.720e-07 ( 1.44%)  
sumTemp_reg[11]         5.322e-07 1.663e-08 3.077e-10 5.492e-07 ( 1.38%)  
sumTemp_reg[12]         5.322e-07 1.663e-08 3.079e-10 5.492e-07 ( 1.38%)  
sumTemp_reg[0]          5.309e-07 5.750e-08 3.245e-10 5.887e-07 ( 1.48%)  
sumTemp_reg[10]         5.289e-07 1.663e-08 3.076e-10 5.459e-07 ( 1.37%)  
sumTemp_reg[8]          5.268e-07 2.218e-08 3.124e-10 5.493e-07 ( 1.38%)  
clk_gate_output_result_reg
                        4.249e-07 9.257e-08 2.675e-10 5.177e-07 ( 1.30%)  h
weight_last_reg[0]      4.121e-07 1.190e-08 3.162e-10 4.243e-07 ( 1.07%)  
weight_last_reg[1]      4.026e-07 5.940e-09 3.086e-10 4.089e-07 ( 1.03%)  
weight_last_reg[2]      4.026e-07 2.381e-09 3.139e-10 4.053e-07 ( 1.02%)  
weight_last_reg[3]      3.950e-07 2.402e-09 2.934e-10 3.977e-07 ( 1.00%)  
U85                     2.357e-07 5.093e-08 1.080e-10 2.867e-07 ( 0.72%)  
U83                     2.277e-07 4.924e-08 1.121e-10 2.770e-07 ( 0.70%)  
U84                     2.142e-07 4.584e-08 1.123e-10 2.601e-07 ( 0.65%)  
U81                     1.913e-07 4.160e-08 1.126e-10 2.330e-07 ( 0.59%)  
U78                     1.855e-07 3.990e-08 1.120e-10 2.256e-07 ( 0.57%)  
U86                     1.808e-07 3.905e-08 1.113e-10 2.199e-07 ( 0.55%)  
U80                     1.738e-07 3.735e-08 1.120e-10 2.113e-07 ( 0.53%)  
U77                     1.465e-07 2.886e-08 1.109e-10 1.755e-07 ( 0.44%)  
U72                     1.091e-07 2.812e-08 5.137e-11 1.373e-07 ( 0.35%)  
u_action_arbiter        9.797e-08 2.433e-07 6.474e-10 3.420e-07 ( 0.86%)  h
U61                     9.511e-08 2.456e-08 5.352e-11 1.197e-07 ( 0.30%)  
U66                     9.068e-08 2.347e-08 5.117e-11 1.142e-07 ( 0.29%)  
output_result_reg[5]    9.063e-08 4.878e-10 3.837e-10 9.150e-08 ( 0.23%)  
output_result_reg[15]   8.945e-08 1.464e-09 3.658e-10 9.128e-08 ( 0.23%)  
output_result_reg[17]   8.920e-08 3.448e-09 3.658e-10 9.301e-08 ( 0.23%)  
output_result_reg[6]    8.682e-08 1.951e-09 3.559e-10 8.913e-08 ( 0.22%)  
U70                     8.517e-08 2.184e-08 5.123e-11 1.071e-07 ( 0.27%)  
U51                     8.516e-08 2.184e-08 5.119e-11 1.071e-07 ( 0.27%)  
output_result_reg[8]    8.313e-08 1.464e-09 3.659e-10 8.496e-08 ( 0.21%)  
U67                     8.306e-08 2.129e-08 5.117e-11 1.044e-07 ( 0.26%)  
output_result_reg[11]   8.297e-08 1.464e-09 3.659e-10 8.480e-08 ( 0.21%)  
output_result_reg[14]   8.284e-08 1.464e-09 3.658e-10 8.467e-08 ( 0.21%)  
output_result_reg[12]   7.972e-08 1.464e-09 3.658e-10 8.155e-08 ( 0.21%)  
output_result_reg[13]   7.972e-08 1.464e-09 3.658e-10 8.155e-08 ( 0.21%)  
output_result_reg[16]   7.972e-08 1.464e-09 3.657e-10 8.155e-08 ( 0.21%)  
output_result_reg[7]    7.886e-08 1.464e-09 3.412e-10 8.067e-08 ( 0.20%)  
output_result_reg[10]   7.870e-08 1.464e-09 3.412e-10 8.050e-08 ( 0.20%)  
output_result_reg[3]    7.732e-08 9.757e-10 3.543e-10 7.865e-08 ( 0.20%)  
output_result_reg[1]    7.634e-08 1.464e-09 3.532e-10 7.815e-08 ( 0.20%)  
output_result_reg[4]    7.607e-08 1.464e-09 3.615e-10 7.790e-08 ( 0.20%)  
output_result_reg[2]    7.293e-08 1.464e-09 3.390e-10 7.473e-08 ( 0.19%)  
output_result_reg[9]    7.252e-08 1.464e-09 3.486e-10 7.433e-08 ( 0.19%)  
output_valid_reg        5.222e-08    0.0000 3.149e-10 5.254e-08 ( 0.13%)  
output_result_reg[0]    4.849e-08    0.0000 3.046e-10 4.879e-08 ( 0.12%)  
U99                     4.641e-08 1.443e-08 5.478e-11 6.090e-08 ( 0.15%)  
U73                     4.485e-08 4.669e-08 4.722e-11 9.158e-08 ( 0.23%)  
U101                    4.304e-08 1.443e-08 5.484e-11 5.753e-08 ( 0.14%)  
U92                     4.151e-08 1.358e-08 5.474e-11 5.514e-08 ( 0.14%)  
U90                     3.984e-08 1.273e-08 5.442e-11 5.263e-08 ( 0.13%)  
U65                     3.849e-08 3.990e-08 4.606e-11 7.844e-08 ( 0.20%)  
U95                     3.784e-08 1.273e-08 5.478e-11 5.063e-08 ( 0.13%)  
U52                     3.687e-08 3.820e-08 4.734e-11 7.511e-08 ( 0.19%)  
U91                     3.662e-08 1.188e-08 5.424e-11 4.856e-08 ( 0.12%)  
U98                     3.587e-08 1.188e-08 5.477e-11 4.781e-08 ( 0.12%)  
U89                     3.527e-08 1.104e-08 5.512e-11 4.636e-08 ( 0.12%)  
U96                     3.525e-08 1.188e-08 5.481e-11 4.719e-08 ( 0.12%)  
U97                     3.525e-08 1.188e-08 5.482e-11 4.719e-08 ( 0.12%)  
U100                    3.525e-08 1.188e-08 5.485e-11 4.719e-08 ( 0.12%)  
U69                     3.443e-08 3.565e-08 4.734e-11 7.013e-08 ( 0.18%)  
U71                     3.443e-08 3.565e-08 4.733e-11 7.013e-08 ( 0.18%)  
U88                     3.434e-08 1.104e-08 5.439e-11 4.543e-08 ( 0.11%)  
U68                     3.361e-08 3.481e-08 4.736e-11 6.847e-08 ( 0.17%)  
U94                     3.327e-08 1.104e-08 5.416e-11 4.436e-08 ( 0.11%)  
U93                     3.296e-08 1.104e-08 5.421e-11 4.405e-08 ( 0.11%)  
U87                     2.945e-08 9.338e-09 5.422e-11 3.884e-08 ( 0.10%)  
U82                     2.610e-08 8.489e-09 5.366e-11 3.464e-08 ( 0.09%)  
U74                     2.499e-08 7.371e-09 1.154e-10 3.248e-08 ( 0.08%)  
U60                     2.489e-08 7.884e-08 1.039e-10 1.038e-07 ( 0.26%)  
U79                     2.288e-08 7.640e-09 5.401e-11 3.057e-08 ( 0.08%)  
U57                     1.443e-08 4.245e-09 9.489e-11 1.877e-08 ( 0.05%)  
U54                     1.155e-08 1.221e-07 6.853e-11 1.337e-07 ( 0.34%)  
U63                     8.492e-09 4.059e-08 3.255e-11 4.911e-08 ( 0.12%)  
U62                     8.418e-09 1.066e-07 7.741e-11 1.151e-07 ( 0.29%)  
U76                     8.295e-09 2.547e-09 5.286e-11 1.089e-08 ( 0.03%)  
U103                    7.087e-09 1.698e-09 9.037e-11 8.875e-09 ( 0.02%)  
U102                    6.969e-09 1.698e-09 9.372e-11 8.761e-09 ( 0.02%)  
U59                     5.684e-09 2.385e-08 7.483e-11 2.961e-08 ( 0.07%)  
U58                     3.716e-09 8.489e-10 8.161e-11 4.647e-09 ( 0.01%)  
U75                     3.289e-09 8.489e-10 5.334e-11 4.192e-09 ( 0.01%)  
U56                     2.534e-09 2.957e-09 1.071e-10 5.598e-09 ( 0.01%)  
U53                     2.236e-09 3.909e-09 3.439e-11 6.180e-09 ( 0.02%)  
U64                     2.066e-09 6.328e-09 2.517e-11 8.419e-09 ( 0.02%)  
U55                     1.052e-09 2.565e-09 3.894e-11 3.657e-09 ( 0.01%)  
--------------------------------------------------------------------------------
Totals (97 cells)       3.251e-05 7.178e-06 5.838e-08 3.975e-05 (100.0%)


  Attributes
  ----------
      a  -  Annotated internal | leakage | switching power 
      b  -  Black-box (unresolved) cell
      c  -  Clock pin internal power only
      d  -  Does not include clock pin internal power
      h  -  Hierarchical cell

                          Peak         Peak            Glitch    X-tran
Cell                      Power        Time            Power     Power    Attrs
--------------------------------------------------------------------------------
u_ADDER                 2.860e-04 1162.65-1162.66    7.552e-10    0.0000  h
u_ADDER_v3              3.714e-03 1091.77-1091.78       0.0000    0.0000  h
u_MULTIPLIER_V1         4.873e-04 1170.90-1170.91    5.039e-08    0.0000  h
u_inputGen              6.727e-04  700.00-700.01     1.874e-08    0.0000  h
sumTemp_reg[6]          2.709e-05   81.72-81.73         0.0000    0.0000  
sumTemp_reg[4]          2.709e-05  221.46-221.47        0.0000    0.0000  
sumTemp_reg[1]          2.709e-05  521.17-521.18        0.0000    0.0000  
sumTemp_reg[5]          2.709e-05  141.44-141.45        0.0000    0.0000  
sumTemp_reg[3]          2.709e-05  121.64-121.65        0.0000    0.0000  
sumTemp_reg[13]         2.645e-05  261.48-261.49        0.0000    0.0000  
sumTemp_reg[2]          2.709e-05  301.37-301.38        0.0000    0.0000  
clk_gate_weight_last_reg
                        7.397e-04   60.00-60.01         0.0000    0.0000  h
sumTemp_reg[9]          2.645e-05  261.60-261.61        0.0000    0.0000  
sumTemp_reg[7]          2.709e-05  261.92-261.93        0.0000    0.0000  
sumTemp_reg[11]         2.645e-05  341.60-341.61        0.0000    0.0000  
sumTemp_reg[12]         2.645e-05  341.60-341.61        0.0000    0.0000  
sumTemp_reg[0]          3.786e-05  120.59-120.60        0.0000    0.0000  
sumTemp_reg[10]         2.645e-05  341.60-341.61        0.0000    0.0000  
sumTemp_reg[8]          2.645e-05  481.48-481.49        0.0000    0.0000  
clk_gate_output_result_reg
                        3.221e-04   80.00-80.01         0.0000    0.0000  h
weight_last_reg[0]      5.465e-05 1080.46-1080.47       0.0000    0.0000  
weight_last_reg[1]      5.400e-05  520.53-520.54        0.0000    0.0000  
weight_last_reg[2]      4.018e-05  940.65-940.66        0.0000    0.0000  
weight_last_reg[3]      4.031e-05  160.63-160.64        0.0000    0.0000  
U85                     1.378e-05  480.90-480.91        0.0000    0.0000  
U83                     1.378e-05  740.93-740.94        0.0000    0.0000  
U84                     1.308e-05 1271.50-1271.51       0.0000    0.0000  
U81                     1.308e-05  480.84-480.85        0.0000    0.0000  
U78                     1.308e-05  251.65-251.66        0.0000    0.0000  
U86                     1.308e-05  971.50-971.51        0.0000    0.0000  
U80                     1.308e-05 1011.89-1011.90       0.0000    0.0000  
U77                     1.165e-05 1301.78-1301.79       0.0000    0.0000  
U72                     1.674e-05   82.84-82.85      9.019e-09    0.0000  
u_action_arbiter        5.653e-05  160.39-160.40        0.0000    0.0000  h
U61                     1.675e-05  101.23-101.24        0.0000    0.0000  
U66                     1.675e-05   81.90-81.91         0.0000    0.0000  
output_result_reg[5]    2.362e-05  180.31-180.32        0.0000    0.0000  
output_result_reg[15]   2.362e-05  180.31-180.32        0.0000    0.0000  
output_result_reg[17]   2.362e-05  180.31-180.32        0.0000    0.0000  
output_result_reg[6]    2.362e-05  180.31-180.32        0.0000    0.0000  
U70                     1.674e-05   82.62-82.63         0.0000    0.0000  
U51                     1.675e-05   82.38-82.39         0.0000    0.0000  
output_result_reg[8]    2.362e-05  540.31-540.32        0.0000    0.0000  
U67                     1.675e-05   82.14-82.15         0.0000    0.0000  
output_result_reg[11]   2.362e-05  180.31-180.32        0.0000    0.0000  
output_result_reg[14]   2.362e-05  180.31-180.32        0.0000    0.0000  
output_result_reg[12]   2.362e-05  180.31-180.32        0.0000    0.0000  
output_result_reg[13]   2.362e-05 1180.31-1180.32       0.0000    0.0000  
output_result_reg[16]   2.362e-05  180.31-180.32        0.0000    0.0000  
output_result_reg[7]    2.362e-05  180.31-180.32        0.0000    0.0000  
output_result_reg[10]   2.362e-05  180.31-180.32        0.0000    0.0000  
output_result_reg[3]    2.362e-05  300.31-300.32        0.0000    0.0000  
output_result_reg[1]    2.362e-05  300.31-300.32        0.0000    0.0000  
output_result_reg[4]    2.362e-05  180.31-180.32        0.0000    0.0000  
output_result_reg[2]    2.362e-05  300.31-300.32        0.0000    0.0000  
output_result_reg[9]    2.362e-05  300.31-300.32        0.0000    0.0000  
output_valid_reg        2.362e-05 1360.31-1360.32       0.0000    0.0000  
output_result_reg[0]    1.375e-05   80.31-80.32         0.0000    0.0000  
U99                     3.005e-05  524.22-524.23        0.0000    0.0000  
U73                     8.678e-06   81.26-81.27      3.489e-10    0.0000  
U101                    3.001e-05  706.73-706.74        0.0000    0.0000  
U92                     3.005e-05  171.81-171.82        0.0000    0.0000  
U90                     3.005e-05  525.52-525.53        0.0000    0.0000  
U65                     8.678e-06   92.23-92.24         0.0000    0.0000  
U95                     3.005e-05 1353.04-1353.05       0.0000    0.0000  
U52                     8.678e-06   81.56-81.57         0.0000    0.0000  
U91                     3.005e-05  171.81-171.82        0.0000    0.0000  
U98                     3.005e-05  706.03-706.04        0.0000    0.0000  
U89                     3.005e-05  171.81-171.82        0.0000    0.0000  
U96                     3.005e-05  705.55-705.56        0.0000    0.0000  
U97                     3.005e-05 1086.28-1086.29       0.0000    0.0000  
U100                    3.005e-05 1354.24-1354.25       0.0000    0.0000  
U69                     8.678e-06   81.56-81.57         0.0000    0.0000  
U71                     8.678e-06   81.56-81.57         0.0000    0.0000  
U88                     3.005e-05  711.81-711.82        0.0000    0.0000  
U68                     8.678e-06   81.56-81.57         0.0000    0.0000  
U94                     3.005e-05  171.81-171.82        0.0000    0.0000  
U93                     3.005e-05  292.80-292.81        0.0000    0.0000  
U87                     3.005e-05  944.36-944.37        0.0000    0.0000  
U82                     3.044e-05 1083.30-1083.31       0.0000    0.0000  
U74                     6.210e-06   71.91-71.92         0.0000    0.0000  
U60                     1.646e-05 1162.23-1162.24       0.0000    0.0000  
U79                     3.044e-05  523.01-523.02        0.0000    0.0000  
U57                     1.455e-05  280.15-280.16        0.0000    0.0000  
U54                     3.144e-05  881.52-881.53        0.0000    0.0000  
U63                     9.407e-06  713.13-713.14        0.0000    0.0000  
U62                     1.332e-05   71.91-71.92         0.0000    0.0000  
U76                     1.684e-05  532.79-532.80        0.0000    0.0000  
U103                    1.079e-05  520.16-520.17        0.0000    0.0000  
U102                    1.328e-05 1140.54-1140.55       0.0000    0.0000  
U59                     2.128e-05   60.87-60.88         0.0000    0.0000  
U58                     1.612e-05  160.33-160.34        0.0000    0.0000  
U75                     1.566e-05 1360.00-1360.01       0.0000    0.0000  
U56                     1.678e-05 1300.60-1300.61       0.0000    0.0000  
U53                     1.472e-05  640.19-640.20        0.0000    0.0000  
U64                     1.146e-05  293.55-293.56     3.905e-12    0.0000  
U55                     1.212e-05   60.30-60.31         0.0000    0.0000  
--------------------------------------------------------------------------------
Totals (97 cells)                                    7.926e-08    0.0000


                                      Int      Switch   Leak     Total
Hierarchy                             Power    Power    Power    Power    %
----------------------------------------------------------------------------------
newMAC_v4                             3.25e-05 7.18e-06 5.84e-08 3.97e-05 100.0
  u_ADDER (ADDER)                     9.81e-06 1.56e-06 1.01e-08 1.14e-05  28.6
  u_ADDER_v3 (ADDER_v3)               3.64e-06 5.28e-07 1.24e-08 4.18e-06  10.5
  u_MULTIPLIER_V1 (MULTIPLIER_V1)     3.22e-06 1.50e-06 1.65e-08 4.74e-06  11.9
  u_inputGen (inputGen)               9.86e-07 7.41e-07 2.33e-09 1.73e-06   4.3
  clk_gate_weight_last_reg (SNPS_CLOCK_GATE_HIGH_newMAC_v4_0) 5.37e-07 7.11e-07 2.82e-10 1.25e-06   3.1
  clk_gate_output_result_reg (SNPS_CLOCK_GATE_HIGH_newMAC_v4_1) 4.25e-07 9.26e-08 2.67e-10 5.18e-07   1.3
  u_action_arbiter (action_arbiter)   9.80e-08 2.43e-07 6.47e-10 3.42e-07   0.9


                                      Peak     Peak            Glitch   X-tran
Hierarchy                             Power    Time            Power    Power
--------------------------------------------------------------------------------
newMAC_v4                             4.03e-03 1091.77-1091.78 7.93e-08    0.000
  u_ADDER (ADDER)                     2.86e-04 1162.65-1162.66 7.55e-10    0.000
  u_ADDER_v3 (ADDER_v3)               3.71e-03 1091.77-1091.78    0.000    0.000
  u_MULTIPLIER_V1 (MULTIPLIER_V1)     4.87e-04 1170.90-1170.91 5.04e-08    0.000
  u_inputGen (inputGen)               6.73e-04  700.00-700.01  1.87e-08    0.000
  clk_gate_weight_last_reg (SNPS_CLOCK_GATE_HIGH_newMAC_v4_0) 7.40e-04   60.00-60.01      0.000    0.000
  clk_gate_output_result_reg (SNPS_CLOCK_GATE_HIGH_newMAC_v4_1) 3.22e-04   80.00-80.01      0.000    0.000
  u_action_arbiter (action_arbiter)   5.65e-05  160.39-160.40     0.000    0.000
1
