Warning: duplicate option '-cell_power' overrides previous value. (CMD-018)
****************************************
Report : Time Based Power
	-cell_power
	-hierarchy
	-levels 1
	-sort_by cell_internal_power
Design : newMAC_v5
Version: U-2022.12-SP1
Date   : Fri Jan 30 15:22:08 2026
****************************************



  Attributes
  ----------
      a  -  Annotated internal | leakage | switching power 
      b  -  Black-box (unresolved) cell
      c  -  Clock pin internal power only
      d  -  Does not include clock pin internal power
      h  -  Hierarchical cell

                        Internal  Switching Leakage   Total
Cell                    Power     Power     Power     Power    (     %)   Attrs
--------------------------------------------------------------------------------
u_MULTIPLIER_V1         5.335e-05 1.982e-05 4.507e-08 7.322e-05 (42.43%)  h
u_ADDER_v3              2.880e-05 4.385e-06 1.594e-08 3.320e-05 (19.24%)  h
u_ADDER                 1.464e-05 2.563e-06 9.735e-09 1.721e-05 ( 9.97%)  h
u_inputGen              1.784e-06 1.386e-06 3.646e-09 3.173e-06 ( 1.84%)  h
u_action_arbiter        1.066e-06 4.553e-07 1.263e-09 1.522e-06 ( 0.88%)  h
clk_gate_output_result_reg
                        8.697e-07 6.475e-07 2.868e-10 1.517e-06 ( 0.88%)  h
sumTemp_reg[7]          6.775e-07 2.985e-08 3.279e-10 7.076e-07 ( 0.41%)  
output_result_reg[21]   6.724e-07 4.597e-09 3.450e-10 6.773e-07 ( 0.39%)  
sumTemp_reg[5]          6.659e-07 2.356e-08 3.197e-10 6.898e-07 ( 0.40%)  
sumTemp_reg[4]          6.585e-07 2.671e-08 3.245e-10 6.855e-07 ( 0.40%)  
sumTemp_reg[1]          6.579e-07 3.299e-08 3.284e-10 6.912e-07 ( 0.40%)  
sumTemp_reg[6]          6.540e-07 2.671e-08 3.272e-10 6.810e-07 ( 0.39%)  
sumTemp_reg[2]          6.535e-07 2.985e-08 3.266e-10 6.837e-07 ( 0.40%)  
sumTemp_reg[0]          6.359e-07 4.783e-08 3.288e-10 6.840e-07 ( 0.40%)  
sumTemp_reg[10]         6.290e-07 2.776e-08 3.215e-10 6.571e-07 ( 0.38%)  
sumTemp_reg[11]         6.257e-07 2.776e-08 3.215e-10 6.538e-07 ( 0.38%)  
sumTemp_reg[12]         6.257e-07 2.776e-08 3.216e-10 6.538e-07 ( 0.38%)  
sumTemp_reg[3]          6.238e-07 2.671e-08 3.226e-10 6.509e-07 ( 0.38%)  
sumTemp_reg[13]         6.169e-07 3.782e-08 3.220e-10 6.551e-07 ( 0.38%)  
sumTemp_reg[9]          6.158e-07 2.776e-08 3.212e-10 6.439e-07 ( 0.37%)  
sumTemp_reg[8]          6.003e-07 2.776e-08 3.217e-10 6.284e-07 ( 0.36%)  
output_result_reg[18]   5.943e-07 1.951e-09 3.448e-10 5.966e-07 ( 0.35%)  
output_result_reg[19]   5.684e-07 1.951e-09 3.443e-10 5.707e-07 ( 0.33%)  
output_result_reg[20]   5.398e-07 1.951e-09 3.441e-10 5.421e-07 ( 0.31%)  
clk_gate_weight_last_reg
                        5.375e-07 8.694e-07 2.817e-10 1.407e-06 ( 0.82%)  h
output_result_reg[15]   5.239e-07 1.951e-09 3.442e-10 5.262e-07 ( 0.30%)  
output_result_reg[17]   5.139e-07 1.951e-09 3.440e-10 5.162e-07 ( 0.30%)  
weight_last_reg[2]      5.090e-07 6.311e-08 3.160e-10 5.724e-07 ( 0.33%)  
weight_last_reg[5]      5.061e-07 4.721e-09 3.097e-10 5.111e-07 ( 0.30%)  
weight_last_reg[6]      5.049e-07 5.106e-09 3.092e-10 5.103e-07 ( 0.30%)  
output_result_reg[8]    5.045e-07 5.366e-09 3.376e-10 5.102e-07 ( 0.30%)  
weight_last_reg[4]      5.023e-07 1.239e-08 3.126e-10 5.150e-07 ( 0.30%)  
output_result_reg[5]    4.995e-07 6.342e-09 3.314e-10 5.061e-07 ( 0.29%)  
output_result_reg[10]   4.916e-07 6.342e-09 3.419e-10 4.982e-07 ( 0.29%)  
output_result_reg[14]   4.903e-07 3.415e-09 3.340e-10 4.940e-07 ( 0.29%)  
weight_last_reg[1]      4.888e-07 2.361e-08 3.126e-10 5.127e-07 ( 0.30%)  
output_result_reg[16]   4.880e-07 1.951e-09 3.439e-10 4.903e-07 ( 0.28%)  
weight_last_reg[0]      4.817e-07 9.006e-08 3.237e-10 5.721e-07 ( 0.33%)  
output_result_reg[12]   4.815e-07 5.854e-09 3.327e-10 4.877e-07 ( 0.28%)  
output_result_reg[11]   4.766e-07 5.854e-09 3.344e-10 4.827e-07 ( 0.28%)  
output_result_reg[13]   4.759e-07 4.878e-09 3.278e-10 4.811e-07 ( 0.28%)  
output_result_reg[1]    4.753e-07 4.391e-09 3.300e-10 4.800e-07 ( 0.28%)  
output_result_reg[3]    4.740e-07 5.854e-09 3.385e-10 4.802e-07 ( 0.28%)  
output_result_reg[6]    4.716e-07 6.342e-09 3.250e-10 4.783e-07 ( 0.28%)  
output_result_reg[9]    4.698e-07 4.878e-09 3.223e-10 4.750e-07 ( 0.28%)  
output_result_reg[2]    4.671e-07 5.366e-09 3.384e-10 4.728e-07 ( 0.27%)  
output_result_reg[4]    4.509e-07 5.366e-09 3.287e-10 4.566e-07 ( 0.26%)  
output_result_reg[7]    4.437e-07 4.391e-09 3.358e-10 4.484e-07 ( 0.26%)  
weight_last_reg[3]      4.295e-07 1.888e-08 3.108e-10 4.487e-07 ( 0.26%)  
output_result_reg[0]    3.948e-07 1.200e-08 3.330e-10 4.072e-07 ( 0.24%)  
weight_last_reg[7]      3.948e-07 2.361e-09 2.958e-10 3.975e-07 ( 0.23%)  
U97                     3.568e-07 8.234e-08 1.058e-10 4.393e-07 ( 0.25%)  
U116                    3.221e-07 1.044e-07 6.970e-11 4.266e-07 ( 0.25%)  
U95                     3.192e-07 7.216e-08 1.027e-10 3.915e-07 ( 0.23%)  
U96                     3.149e-07 7.301e-08 1.104e-10 3.880e-07 ( 0.22%)  
U94                     3.136e-07 7.216e-08 1.050e-10 3.858e-07 ( 0.22%)  
U91                     2.961e-07 6.791e-08 1.053e-10 3.641e-07 ( 0.21%)  
output_valid_reg        2.818e-07    0.0000 3.049e-10 2.821e-07 ( 0.16%)  
U93                     2.742e-07 6.282e-08 1.032e-10 3.371e-07 ( 0.20%)  
U90                     2.619e-07 6.027e-08 1.097e-10 3.223e-07 ( 0.19%)  
U113                    2.557e-07 8.388e-08 7.009e-11 3.396e-07 ( 0.20%)  
U88                     2.430e-07 5.433e-08 1.102e-10 2.975e-07 ( 0.17%)  
U114                    2.349e-07 7.874e-08 7.019e-11 3.137e-07 ( 0.18%)  
U103                    2.154e-07 7.206e-08 6.757e-11 2.875e-07 ( 0.17%)  
U100                    2.106e-07 6.791e-08 6.788e-11 2.785e-07 ( 0.16%)  
U115                    2.090e-07 6.961e-08 7.027e-11 2.787e-07 ( 0.16%)  
U109                    2.074e-07 6.595e-08 6.659e-11 2.734e-07 ( 0.16%)  
U106                    2.054e-07 6.452e-08 6.724e-11 2.700e-07 ( 0.16%)  
U101                    2.038e-07 6.622e-08 6.648e-11 2.701e-07 ( 0.16%)  
U110                    2.038e-07 6.706e-08 7.000e-11 2.709e-07 ( 0.16%)  
U108                    2.027e-07 6.452e-08 6.759e-11 2.673e-07 ( 0.15%)  
U98                     2.015e-07 6.537e-08 6.758e-11 2.670e-07 ( 0.15%)  
U107                    1.992e-07 6.282e-08 6.765e-11 2.621e-07 ( 0.15%)  
U105                    1.975e-07 6.255e-08 6.892e-11 2.601e-07 ( 0.15%)  
U92                     1.964e-07 6.618e-08 6.805e-11 2.626e-07 ( 0.15%)  
U99                     1.956e-07 6.112e-08 6.584e-11 2.568e-07 ( 0.15%)  
U89                     1.946e-07 6.359e-08 6.767e-11 2.582e-07 ( 0.15%)  
U112                    1.868e-07 6.282e-08 7.030e-11 2.497e-07 ( 0.14%)  
U60                     1.842e-07 1.965e-06 9.638e-11 2.149e-06 ( 1.25%)  
U104                    1.816e-07 6.012e-08 6.642e-11 2.418e-07 ( 0.14%)  
U102                    1.711e-07 5.518e-08 6.742e-11 2.264e-07 ( 0.13%)  
U111                    1.677e-07 5.603e-08 7.042e-11 2.238e-07 ( 0.13%)  
U86                     1.617e-07 4.750e-08 1.119e-10 2.093e-07 ( 0.12%)  
U70                     1.445e-07 4.573e-07 8.988e-11 6.018e-07 ( 0.35%)  
U83                     1.311e-07 3.460e-08 4.768e-11 1.657e-07 ( 0.10%)  
U77                     1.242e-07 3.275e-08 4.753e-11 1.570e-07 ( 0.09%)  
U79                     1.221e-07 3.221e-08 4.754e-11 1.544e-07 ( 0.09%)  
U81                     1.221e-07 3.221e-08 4.756e-11 1.543e-07 ( 0.09%)  
U75                     1.154e-07 3.057e-08 4.749e-11 1.460e-07 ( 0.08%)  
U59                     1.123e-07 2.948e-08 4.758e-11 1.419e-07 ( 0.08%)  
U67                     1.091e-07 2.801e-08 9.065e-11 1.372e-07 ( 0.08%)  
U68                     1.089e-07 2.801e-08 9.049e-11 1.370e-07 ( 0.08%)  
U87                     1.052e-07 3.226e-08 6.744e-11 1.375e-07 ( 0.08%)  
U118                    1.025e-07 2.632e-08 9.203e-11 1.289e-07 ( 0.07%)  
U66                     1.013e-07 2.547e-08 9.239e-11 1.268e-07 ( 0.07%)  
U119                    8.351e-08 2.122e-08 9.084e-11 1.048e-07 ( 0.06%)  
U84                     7.934e-08 7.810e-08 4.386e-11 1.575e-07 ( 0.09%)  
U78                     7.757e-08 7.640e-08 4.397e-11 1.540e-07 ( 0.09%)  
U80                     7.676e-08 7.555e-08 4.396e-11 1.524e-07 ( 0.09%)  
U82                     7.676e-08 7.555e-08 4.395e-11 1.524e-07 ( 0.09%)  
U76                     7.432e-08 7.301e-08 4.393e-11 1.474e-07 ( 0.09%)  
U74                     7.269e-08 7.131e-08 4.396e-11 1.440e-07 ( 0.08%)  
U120                    6.605e-08 1.613e-08 9.544e-11 8.228e-08 ( 0.05%)  
U62                     6.320e-08 7.081e-07 6.791e-11 7.714e-07 ( 0.45%)  
U72                     5.794e-08 2.841e-07 4.384e-11 3.421e-07 ( 0.20%)  
U71                     5.535e-08 8.245e-07 8.695e-11 8.799e-07 ( 0.51%)  
U65                     2.795e-08 6.791e-09 9.029e-11 3.483e-08 ( 0.02%)  
U73                     2.765e-08 9.492e-08 2.816e-11 1.226e-07 ( 0.07%)  
U85                     7.296e-09 8.489e-10 5.985e-11 8.205e-09 ( 0.00%)  
U69                     7.002e-09 1.590e-08 5.851e-11 2.296e-08 ( 0.01%)  
U117                    3.963e-09 1.698e-09 8.339e-11 5.745e-09 ( 0.00%)  
U64                     2.601e-09 5.914e-09 1.076e-10 8.623e-09 ( 0.00%)  
U61                     2.234e-09 3.909e-09 3.446e-11 6.178e-09 ( 0.00%)  
U63                     1.077e-09 5.131e-09 3.845e-11 6.246e-09 ( 0.00%)  
--------------------------------------------------------------------------------
Totals (114 cells)      1.344e-04 3.808e-05 9.541e-08 1.726e-04 (100.0%)


  Attributes
  ----------
      a  -  Annotated internal | leakage | switching power 
      b  -  Black-box (unresolved) cell
      c  -  Clock pin internal power only
      d  -  Does not include clock pin internal power
      h  -  Hierarchical cell

                          Peak         Peak            Glitch    X-tran
Cell                      Power        Time            Power     Power    Attrs
--------------------------------------------------------------------------------
u_MULTIPLIER_V1         7.766e-04  673.30-673.31     5.424e-08    0.0000  h
u_ADDER_v3              4.754e-04  311.58-311.59        0.0000    0.0000  h
u_ADDER                 3.113e-04  663.12-663.13     9.501e-10    0.0000  h
u_inputGen              8.625e-04 1060.00-1060.01    2.785e-08    0.0000  h
u_action_arbiter        1.052e-04  520.50-520.51     4.448e-09    0.0000  h
clk_gate_output_result_reg
                        3.421e-04  100.00-100.01        0.0000    0.0000  h
sumTemp_reg[7]          2.711e-05  102.72-102.73        0.0000    0.0000  
output_result_reg[21]   2.440e-05  210.35-210.36        0.0000    0.0000  
sumTemp_reg[5]          2.711e-05  102.34-102.35        0.0000    0.0000  
sumTemp_reg[4]          2.711e-05  101.41-101.42        0.0000    0.0000  
sumTemp_reg[1]          2.711e-05  402.30-402.31        0.0000    0.0000  
sumTemp_reg[6]          2.711e-05  123.34-123.35        0.0000    0.0000  
sumTemp_reg[2]          2.711e-05  101.44-101.45        0.0000    0.0000  
sumTemp_reg[0]          3.904e-05  980.68-980.69        0.0000    0.0000  
sumTemp_reg[10]         2.664e-05  241.46-241.47        0.0000    0.0000  
sumTemp_reg[11]         2.664e-05  101.60-101.61        0.0000    0.0000  
sumTemp_reg[12]         2.664e-05  101.60-101.61        0.0000    0.0000  
sumTemp_reg[3]          2.711e-05  101.57-101.58        0.0000    0.0000  
sumTemp_reg[13]         2.664e-05  101.48-101.49        0.0000    0.0000  
sumTemp_reg[9]          2.664e-05  103.17-103.18        0.0000    0.0000  
sumTemp_reg[8]          2.664e-05  101.75-101.76        0.0000    0.0000  
output_result_reg[18]   2.069e-05  386.84-386.85     2.637e-09    0.0000  
output_result_reg[19]   2.069e-05  387.08-387.09     2.422e-09    0.0000  
output_result_reg[20]   2.069e-05  387.32-387.33        0.0000    0.0000  
clk_gate_weight_last_reg
                        7.419e-04   60.00-60.01         0.0000    0.0000  h
output_result_reg[15]   1.976e-05  140.35-140.36        0.0000    0.0000  
output_result_reg[17]   2.091e-05  885.51-885.52        0.0000    0.0000  
weight_last_reg[2]      5.191e-05  140.70-140.71        0.0000    0.0000  
weight_last_reg[5]      3.999e-05  441.17-441.18        0.0000    0.0000  
weight_last_reg[6]      5.191e-05  800.58-800.59        0.0000    0.0000  
output_result_reg[8]    2.069e-05 1305.63-1305.64    2.861e-09    0.0000  
weight_last_reg[4]      5.186e-05  220.64-220.65        0.0000    0.0000  
output_result_reg[5]    2.091e-05 1265.93-1265.94       0.0000    0.0000  
output_result_reg[10]   1.976e-05 1180.35-1180.36    2.216e-09    0.0000  
output_result_reg[14]   1.976e-05 1220.35-1220.36    2.216e-09    0.0000  
weight_last_reg[1]      5.170e-05  180.60-180.61        0.0000    0.0000  
output_result_reg[16]   1.976e-05  460.35-460.36        0.0000    0.0000  
weight_last_reg[0]      5.191e-05  160.46-160.47        0.0000    0.0000  
output_result_reg[12]   1.976e-05 1220.35-1220.36       0.0000    0.0000  
output_result_reg[11]   1.976e-05 1300.35-1300.36       0.0000    0.0000  
output_result_reg[13]   1.976e-05 1200.35-1200.36       0.0000    0.0000  
output_result_reg[1]    2.069e-05 1003.42-1003.43    1.345e-08    0.0000  
output_result_reg[3]    1.976e-05  880.35-880.36        0.0000    0.0000  
output_result_reg[6]    2.091e-05 1266.17-1266.18       0.0000    0.0000  
output_result_reg[9]    2.069e-05 1265.27-1265.28    2.637e-09    0.0000  
output_result_reg[2]    1.978e-05  683.89-683.90     3.095e-09    0.0000  
output_result_reg[4]    1.976e-05  400.35-400.36        0.0000    0.0000  
output_result_reg[7]    1.976e-05  260.35-260.36        0.0000    0.0000  
weight_last_reg[3]      3.999e-05  200.94-200.95        0.0000    0.0000  
output_result_reg[0]    1.976e-05 1180.35-1180.36       0.0000    0.0000  
weight_last_reg[7]      5.191e-05 1340.49-1340.50       0.0000    0.0000  
U97                     1.561e-05  681.09-681.10        0.0000    0.0000  
U116                    3.001e-05  131.77-131.78        0.0000    0.0000  
U95                     1.518e-05  200.90-200.91        0.0000    0.0000  
U96                     1.308e-05  142.01-142.02        0.0000    0.0000  
U94                     1.308e-05  480.82-480.83        0.0000    0.0000  
U91                     1.308e-05  331.50-331.51        0.0000    0.0000  
output_valid_reg        1.976e-05 1360.35-1360.36       0.0000    0.0000  
U93                     1.352e-05 1261.22-1261.23       0.0000    0.0000  
U90                     1.308e-05  401.77-401.78        0.0000    0.0000  
U113                    3.005e-05 1032.80-1032.81    1.686e-09    0.0000  
U88                     1.159e-05  122.74-122.75        0.0000    0.0000  
U114                    3.005e-05 1331.83-1331.84    1.548e-09    0.0000  
U103                    3.005e-05 1126.63-1126.64    1.829e-09    0.0000  
U100                    3.005e-05 1031.83-1031.84       0.0000    0.0000  
U115                    3.005e-05  131.83-131.84        0.0000    0.0000  
U109                    3.005e-05  184.92-184.93     1.416e-09    0.0000  
U106                    3.005e-05  751.83-751.84        0.0000    0.0000  
U101                    3.005e-05  252.86-252.87        0.0000    0.0000  
U110                    3.005e-05  292.82-292.83        0.0000    0.0000  
U108                    3.005e-05  131.83-131.84        0.0000    0.0000  
U98                     3.005e-05  585.45-585.46        0.0000    0.0000  
U107                    3.005e-05  131.83-131.84        0.0000    0.0000  
U105                    3.005e-05  131.83-131.84     1.416e-09    0.0000  
U92                     3.041e-05  183.15-183.16     1.978e-09    0.0000  
U99                     3.005e-05  404.19-404.20        0.0000    0.0000  
U89                     3.040e-05  182.90-182.91     1.224e-08    0.0000  
U112                    3.005e-05 1266.72-1266.73       0.0000    0.0000  
U60                     6.006e-05   92.05-92.06         0.0000    0.0000  
U104                    3.005e-05  532.10-532.11     1.686e-09    0.0000  
U102                    3.005e-05  185.64-185.65        0.0000    0.0000  
U111                    3.005e-05 1127.75-1127.76       0.0000    0.0000  
U86                     7.131e-06   92.51-92.52         0.0000    0.0000  
U70                     1.696e-05 1281.97-1281.98       0.0000    0.0000  
U83                     1.674e-05  151.76-151.77     6.121e-09    0.0000  
U77                     1.675e-05  361.68-361.69        0.0000    0.0000  
U79                     1.675e-05  361.92-361.93        0.0000    0.0000  
U81                     1.856e-05  862.43-862.44        0.0000    0.0000  
U75                     1.858e-05 1042.43-1042.44       0.0000    0.0000  
U59                     1.675e-05  151.78-151.79        0.0000    0.0000  
U67                     1.333e-05  101.37-101.38        0.0000    0.0000  
U68                     1.416e-05  101.42-101.43        0.0000    0.0000  
U87                     1.733e-05  463.50-463.51        0.0000    0.0000  
U118                    1.203e-05  101.12-101.13        0.0000    0.0000  
U66                     1.409e-05  221.12-221.13        0.0000    0.0000  
U119                    1.148e-05  141.08-141.09     1.592e-12    0.0000  
U84                     8.678e-06   82.20-82.21      2.369e-10    0.0000  
U78                     8.678e-06   82.46-82.47         0.0000    0.0000  
U80                     8.678e-06   82.46-82.47         0.0000    0.0000  
U82                     8.678e-06   82.46-82.47         0.0000    0.0000  
U76                     8.678e-06   82.46-82.47         0.0000    0.0000  
U74                     8.678e-06   82.46-82.47         0.0000    0.0000  
U120                    1.493e-05  160.15-160.16        0.0000    0.0000  
U62                     3.144e-05 1340.49-1340.50       0.0000    0.0000  
U72                     8.794e-06  773.24-773.25        0.0000    0.0000  
U71                     1.609e-05   92.51-92.52         0.0000    0.0000  
U65                     1.309e-05  200.61-200.62        0.0000    0.0000  
U73                     1.136e-05   93.69-93.70      4.772e-12    0.0000  
U85                     1.527e-05 1360.00-1360.01       0.0000    0.0000  
U69                     2.056e-05   80.86-80.87         0.0000    0.0000  
U117                    1.472e-05 1340.18-1340.19       0.0000    0.0000  
U64                     3.895e-05 1340.22-1340.23       0.0000    0.0000  
U61                     1.472e-05  640.23-640.24        0.0000    0.0000  
U63                     2.481e-05   80.60-80.61         0.0000    0.0000  
--------------------------------------------------------------------------------
Totals (114 cells)                                   1.492e-07    0.0000


                                      Int      Switch   Leak     Total
Hierarchy                             Power    Power    Power    Power    %
----------------------------------------------------------------------------------
newMAC_v5                             1.34e-04 3.81e-05 9.54e-08 1.73e-04 100.0
  u_MULTIPLIER_V1 (MULTIPLIER_V1)     5.34e-05 1.98e-05 4.51e-08 7.32e-05  42.4
  u_ADDER_v3 (ADDER_v3)               2.88e-05 4.38e-06 1.59e-08 3.32e-05  19.2
  u_ADDER (ADDER)                     1.46e-05 2.56e-06 9.74e-09 1.72e-05  10.0
  u_inputGen (inputGen)               1.78e-06 1.39e-06 3.65e-09 3.17e-06   1.8
  u_action_arbiter (action_arbiter)   1.07e-06 4.55e-07 1.26e-09 1.52e-06   0.9
  clk_gate_output_result_reg (SNPS_CLOCK_GATE_HIGH_newMAC_v5_1) 8.70e-07 6.47e-07 2.87e-10 1.52e-06   0.9
  clk_gate_weight_last_reg (SNPS_CLOCK_GATE_HIGH_newMAC_v5_0) 5.38e-07 8.69e-07 2.82e-10 1.41e-06   0.8


                                      Peak     Peak            Glitch   X-tran
Hierarchy                             Power    Time            Power    Power
--------------------------------------------------------------------------------
newMAC_v5                             1.95e-03 1060.00-1060.01 1.49e-07    0.000
  u_MULTIPLIER_V1 (MULTIPLIER_V1)     7.77e-04  673.30-673.31  5.42e-08    0.000
  u_ADDER_v3 (ADDER_v3)               4.75e-04  311.58-311.59     0.000    0.000
  u_ADDER (ADDER)                     3.11e-04  663.12-663.13  9.50e-10    0.000
  u_inputGen (inputGen)               8.62e-04 1060.00-1060.01 2.79e-08    0.000
  u_action_arbiter (action_arbiter)   1.05e-04  520.50-520.51  4.45e-09    0.000
  clk_gate_output_result_reg (SNPS_CLOCK_GATE_HIGH_newMAC_v5_1) 3.42e-04  100.00-100.01     0.000    0.000
  clk_gate_weight_last_reg (SNPS_CLOCK_GATE_HIGH_newMAC_v5_0) 7.42e-04   60.00-60.01      0.000    0.000
1
