 
****************************************
Report : area
Design : traditionalMac_v1
Version: T-2022.03-SP5
Date   : Fri Jan 30 12:10:25 2026
****************************************

Library(s) Used:

    tcbn65lphvtwc_ccs (File: /dkits/tsmc/65nm/IP_65nm/LP/STDCELL_IO/designPackage/stclib/9-track/Front_End/timing_power_noise/CCS/tcbn65lphvt_200a/tcbn65lphvtwc_ccs.db)

Number of ports:                          141
Number of nets:                           445
Number of cells:                          283
Number of combinational cells:            257
Number of sequential cells:                23
Number of macros/black boxes:               0
Number of buf/inv:                         46
Number of references:                       7

Combinational area:                835.200008
Buf/Inv area:                       49.680002
Noncombinational area:             180.720002
Macro/Black Box area:                0.000000
Net Interconnect area:      undefined  (Wire load has zero net area)

Total cell area:                  1015.920010
Total area:                 undefined
1
