 
****************************************
Report : clock_gating
Design : traditionalMac_v1
Version: T-2022.03-SP5
Date   : Fri Jan 30 12:10:25 2026
****************************************

Information: Identification of clock-gating cells has not been performed. Pre-existing clock-gating cells will not be reported. (PWR-947)


                             Clock Gating Summary
          ------------------------------------------------------------
          |    Number of Clock gating elements    |        1         |
          |                                       |                  |
          |    Number of Gated registers          |    22 (100.00%)  |
          |                                       |                  |
          |    Number of Ungated registers        |     0 (0.00%)    |
          |                                       |                  |
          |    Total number of registers          |       22         |
          ------------------------------------------------------------



                             Clock Gating Report by Origin
          +-------------------------------------------------+------------------+
          |                                                 |    Actual (%)    |
          |                                                 |    Count         |
          +-------------------------------------------------+------------------+
          |  Number of tool-inserted clock gating elements  |     1 (100.00%)  |
          |                                                 |                  |
          |  Number of pre-existing clock gating elements   |     0 (0.00%)    |
          |                                                 |                  |
          |  Number of gated registers                      |    22 (100.00%)  |
          |                                                 |                  |
          |  Number of tool-inserted gated registers        |    22 (100.00%)  |
          |                                                 |                  |
          |  Number of pre-existing gated registers         |     0 (0.00%)    |
          |                                                 |                  |
          |  Number of ungated registers                    |     0 (0.00%)    |
          |                                                 |                  |
          |  Number of registers                            |       22         |
          +-------------------------------------------------+------------------+



1
