****************************************
Report : Time Based Power
	-hierarchy
	-levels 1
Design : newMAC_v2
Version: U-2022.12-SP1
Date   : Fri Jan 16 21:51:16 2026
****************************************



                                      Int      Switch   Leak     Total
Hierarchy                             Power    Power    Power    Power    %
----------------------------------------------------------------------------------
newMAC_v2                             4.29e-05 1.24e-05 7.58e-08 5.54e-05 100.0
  clk_gate_output_result_reg (SNPS_CLOCK_GATE_HIGH_newMAC_v2_8)
                                      3.67e-07 8.91e-08 2.66e-10 4.56e-07   0.8
  u_ADDER (ADDER)                     9.05e-06 1.35e-06 6.17e-09 1.04e-05  18.8
  u_MULTIPLIER (MULTIPLIER)           1.95e-06 1.54e-06 1.20e-08 3.51e-06   6.3
  u_internalStorage (internalStorage) 2.69e-05 7.73e-06 3.57e-08 3.47e-05  62.6
  u_indexGen (indexGen)               2.07e-07 2.28e-07 6.32e-10 4.36e-07   0.8


                                      Peak     Peak            Glitch   X-tran
Hierarchy                             Power    Time            Power    Power
--------------------------------------------------------------------------------
newMAC_v2                             2.82e-03 1391.81-1391.82 3.40e-07    0.000
  clk_gate_output_result_reg (SNPS_CLOCK_GATE_HIGH_newMAC_v2_8)
                                      3.63e-04 1500.00-1500.01    0.000    0.000
  u_ADDER (ADDER)                     2.08e-04  180.76-180.77  2.75e-08    0.000
  u_MULTIPLIER (MULTIPLIER)           3.01e-04 1372.84-1372.85 1.17e-08    0.000
  u_internalStorage (internalStorage) 8.70e-04 1340.98-1340.99 2.94e-07    0.000
  u_indexGen (indexGen)               4.14e-04  780.00-780.01  1.49e-09    0.000
1
