 
****************************************
Report : power
        -hier
        -analysis_effort low
Design : traditionalMac
Version: T-2022.03-SP5
Date   : Sat Jan 17 00:24:14 2026
****************************************


Library(s) Used:

    tcbn65lphvtwc_ccs (File: /dkits/tsmc/65nm/IP_65nm/LP/STDCELL_IO/designPackage/stclib/9-track/Front_End/timing_power_noise/CCS/tcbn65lphvt_200a/tcbn65lphvtwc_ccs.db)


Operating Conditions: WCCOM   Library: tcbn65lphvtwc_ccs
Wire Load Model Mode: segmented

Design        Wire Load Model            Library
------------------------------------------------
traditionalMac         ZeroWireload      tcbn65lphvtwc_ccs
MULTIPLIER_tMAC        ZeroWireload      tcbn65lphvtwc_ccs
ADDER_tMAC             ZeroWireload      tcbn65lphvtwc_ccs
SNPS_CLOCK_GATE_HIGH_traditionalMac
                       ZeroWireload      tcbn65lphvtwc_ccs


Global Operating Voltage = 1.08 
Power-specific unit information :
    Voltage Units = 1V
    Capacitance Units = 1.000000pf
    Time Units = 1ns
    Dynamic Power Units = 1mW    (derived from V,C,T units)
    Leakage Power Units = 1nW


--------------------------------------------------------------------------------
                                       Switch   Int      Leak     Total
Hierarchy                              Power    Power    Power    Power    %
--------------------------------------------------------------------------------
traditionalMac                         1.55e-03 6.46e-03   32.251 8.04e-03 100.0
  u_ADDER (ADDER_tMAC)                 2.39e-04 1.67e-03   14.701 1.93e-03  24.0
  u_MULTIPLIER_tMAC (MULTIPLIER_tMAC)  4.80e-04 1.09e-03    9.735 1.58e-03  19.7
1
