 
****************************************
Report : area
Design : newMAC_v4
Version: T-2022.03-SP5
Date   : Fri Jan 30 00:25:42 2026
****************************************

Library(s) Used:

    tcbn65lphvtwc_ccs (File: /dkits/tsmc/65nm/IP_65nm/LP/STDCELL_IO/designPackage/stclib/9-track/Front_End/timing_power_noise/CCS/tcbn65lphvt_200a/tcbn65lphvtwc_ccs.db)

Number of ports:                          228
Number of nets:                           629
Number of cells:                          398
Number of combinational cells:            345
Number of sequential cells:                39
Number of macros/black boxes:               0
Number of buf/inv:                         51
Number of references:                      20

Combinational area:                995.040017
Buf/Inv area:                       55.080002
Noncombinational area:             306.000003
Macro/Black Box area:                0.000000
Net Interconnect area:      undefined  (Wire load has zero net area)

Total cell area:                  1301.040020
Total area:                 undefined
1
