 
****************************************
Report : clock_gating
Design : newMAC_v4
Version: T-2022.03-SP5
Date   : Fri Jan 30 00:25:42 2026
****************************************

Information: Identification of clock-gating cells has not been performed. Pre-existing clock-gating cells will not be reported. (PWR-947)


                             Clock Gating Summary
          ------------------------------------------------------------
          |    Number of Clock gating elements    |        2         |
          |                                       |                  |
          |    Number of Gated registers          |    37 (100.00%)  |
          |                                       |                  |
          |    Number of Ungated registers        |     0 (0.00%)    |
          |                                       |                  |
          |    Total number of registers          |       37         |
          ------------------------------------------------------------



                             Clock Gating Report by Origin
          +-------------------------------------------------+------------------+
          |                                                 |    Actual (%)    |
          |                                                 |    Count         |
          +-------------------------------------------------+------------------+
          |  Number of tool-inserted clock gating elements  |     2 (100.00%)  |
          |                                                 |                  |
          |  Number of pre-existing clock gating elements   |     0 (0.00%)    |
          |                                                 |                  |
          |  Number of gated registers                      |    37 (100.00%)  |
          |                                                 |                  |
          |  Number of tool-inserted gated registers        |    37 (100.00%)  |
          |                                                 |                  |
          |  Number of pre-existing gated registers         |     0 (0.00%)    |
          |                                                 |                  |
          |  Number of ungated registers                    |     0 (0.00%)    |
          |                                                 |                  |
          |  Number of registers                            |       37         |
          +-------------------------------------------------+------------------+



1
