#######################################################################################
# log primitive debug message of FSDB dumping                                         #
# This is for R&D to analyze when there are issues happening when FSDB dump           #
#######################################################################################
ANF: vcsd_get_serial_mode_status('/home/hdeng/ic/iEEG_Transformer_Project2/Scripts/simv: undefined symbol: vcsd_get_serial_mode_status')
ANF: vcsd_enable_sva_success_callback('/home/hdeng/ic/iEEG_Transformer_Project2/Scripts/simv: undefined symbol: vcsd_enable_sva_success_callback')
ANF: vcsd_disable_sva_success_callback('/home/hdeng/ic/iEEG_Transformer_Project2/Scripts/simv: undefined symbol: vcsd_disable_sva_success_callback')
ANF: vcsd_get_power_scope_name('/home/hdeng/ic/iEEG_Transformer_Project2/Scripts/simv: undefined symbol: vcsd_get_power_scope_name')
ANF: vcsd_begin_no_value_var_info('/home/hdeng/ic/iEEG_Transformer_Project2/Scripts/simv: undefined symbol: vcsd_begin_no_value_var_info')
ANF: vcsd_end_no_value_var_info('/home/hdeng/ic/iEEG_Transformer_Project2/Scripts/simv: undefined symbol: vcsd_end_no_value_var_info')
ANF: vcsd_remove_xprop_merge_mode_callback('/home/hdeng/ic/iEEG_Transformer_Project2/Scripts/simv: undefined symbol: vcsd_remove_xprop_merge_mode_callback')
ANF: vhpi_get_cb_info('/home/hdeng/ic/iEEG_Transformer_Project2/Scripts/simv: undefined symbol: vhpi_get_cb_info')
ANF: vhpi_free_handle('/home/hdeng/ic/iEEG_Transformer_Project2/Scripts/simv: undefined symbol: vhpi_free_handle')
ANF: vhpi_fetch_vcsd_handle('/home/hdeng/ic/iEEG_Transformer_Project2/Scripts/simv: undefined symbol: vhpi_fetch_vcsd_handle')
ANF: vhpi_fetch_vpi_handle('/home/hdeng/ic/iEEG_Transformer_Project2/Scripts/simv: undefined symbol: vhpi_fetch_vpi_handle')
ANF: vhpi_has_verilog_parent('/home/hdeng/ic/iEEG_Transformer_Project2/Scripts/simv: undefined symbol: vhpi_has_verilog_parent')
ANF: vhpi_is_verilog_scope('/home/hdeng/ic/iEEG_Transformer_Project2/Scripts/simv: undefined symbol: vhpi_is_verilog_scope')
ANF: scsd_xprop_is_enabled('/home/hdeng/ic/iEEG_Transformer_Project2/Scripts/simv: undefined symbol: scsd_xprop_is_enabled')
ANF: scsd_xprop_sig_is_promoted('/home/hdeng/ic/iEEG_Transformer_Project2/Scripts/simv: undefined symbol: scsd_xprop_sig_is_promoted')
ANF: scsd_xprop_int_xvalue('/home/hdeng/ic/iEEG_Transformer_Project2/Scripts/simv: undefined symbol: scsd_xprop_int_xvalue')
ANF: scsd_xprop_bool_xvalue('/home/hdeng/ic/iEEG_Transformer_Project2/Scripts/simv: undefined symbol: scsd_xprop_bool_xvalue')
ANF: scsd_xprop_enum_xvalue('/home/hdeng/ic/iEEG_Transformer_Project2/Scripts/simv: undefined symbol: scsd_xprop_enum_xvalue')
ANF: scsd_xprop_register_merge_mode_cb('/home/hdeng/ic/iEEG_Transformer_Project2/Scripts/simv: undefined symbol: scsd_xprop_register_merge_mode_cb')
ANF: scsd_xprop_delete_merge_mode_cb('/home/hdeng/ic/iEEG_Transformer_Project2/Scripts/simv: undefined symbol: scsd_xprop_delete_merge_mode_cb')
ANF: scsd_xprop_get_merge_mode('/home/hdeng/ic/iEEG_Transformer_Project2/Scripts/simv: undefined symbol: scsd_xprop_get_merge_mode')
ANF: scsd_thread_get_info('/home/hdeng/ic/iEEG_Transformer_Project2/Scripts/simv: undefined symbol: scsd_thread_get_info')
ANF: scsd_thread_vc_init('/home/hdeng/ic/iEEG_Transformer_Project2/Scripts/simv: undefined symbol: scsd_thread_vc_init')
ANF: scsd_master_set_delta_sync_cbk('/home/hdeng/ic/iEEG_Transformer_Project2/Scripts/simv: undefined symbol: scsd_master_set_delta_sync_cbk')
ANF: scsd_fgp_get_fsdb_cores('/home/hdeng/ic/iEEG_Transformer_Project2/Scripts/simv: undefined symbol: scsd_fgp_get_fsdb_cores')
ANF: scsd_fgp_get_is_cpu_affinity_disabled('/home/hdeng/ic/iEEG_Transformer_Project2/Scripts/simv: undefined symbol: scsd_fgp_get_is_cpu_affinity_disabled')
ANF: vhdi_dt_get_type('/home/hdeng/ic/iEEG_Transformer_Project2/Scripts/simv: undefined symbol: vhdi_dt_get_type')
ANF: vhdi_dt_get_key('/home/hdeng/ic/iEEG_Transformer_Project2/Scripts/simv: undefined symbol: vhdi_dt_get_key')
ANF: vhdi_dt_get_vhdl_enum_info('/home/hdeng/ic/iEEG_Transformer_Project2/Scripts/simv: undefined symbol: vhdi_dt_get_vhdl_enum_info')
ANF: vhdi_dt_get_vhdl_physical_info('/home/hdeng/ic/iEEG_Transformer_Project2/Scripts/simv: undefined symbol: vhdi_dt_get_vhdl_physical_info')
ANF: vhdi_dt_get_vhdl_array_info('/home/hdeng/ic/iEEG_Transformer_Project2/Scripts/simv: undefined symbol: vhdi_dt_get_vhdl_array_info')
ANF: vhdi_dt_get_vhdl_record_info('/home/hdeng/ic/iEEG_Transformer_Project2/Scripts/simv: undefined symbol: vhdi_dt_get_vhdl_record_info')
ANF: vhdi_def_traverse_module('/home/hdeng/ic/iEEG_Transformer_Project2/Scripts/simv: undefined symbol: vhdi_def_traverse_module')
ANF: vhdi_def_traverse_scope('/home/hdeng/ic/iEEG_Transformer_Project2/Scripts/simv: undefined symbol: vhdi_def_traverse_scope')
ANF: vhdi_def_traverse_variable('/home/hdeng/ic/iEEG_Transformer_Project2/Scripts/simv: undefined symbol: vhdi_def_traverse_variable')
ANF: vhdi_def_get_module_id_by_vhpi('/home/hdeng/ic/iEEG_Transformer_Project2/Scripts/simv: undefined symbol: vhdi_def_get_module_id_by_vhpi')
ANF: vhdi_def_get_handle_by_module_id('/home/hdeng/ic/iEEG_Transformer_Project2/Scripts/simv: undefined symbol: vhdi_def_get_handle_by_module_id')
ANF: vhdi_def_get_variable_info_by_vhpi('/home/hdeng/ic/iEEG_Transformer_Project2/Scripts/simv: undefined symbol: vhdi_def_get_variable_info_by_vhpi')
ANF: vhdi_def_free('/home/hdeng/ic/iEEG_Transformer_Project2/Scripts/simv: undefined symbol: vhdi_def_free')
ANF: vhdi_ist_traverse_scope('/home/hdeng/ic/iEEG_Transformer_Project2/Scripts/simv: undefined symbol: vhdi_ist_traverse_scope')
ANF: vhdi_ist_traverse_variable('/home/hdeng/ic/iEEG_Transformer_Project2/Scripts/simv: undefined symbol: vhdi_ist_traverse_variable')
ANF: vhdi_ist_convert_by_vhpi('/home/hdeng/ic/iEEG_Transformer_Project2/Scripts/simv: undefined symbol: vhdi_ist_convert_by_vhpi')
ANF: vhdi_ist_clone('/home/hdeng/ic/iEEG_Transformer_Project2/Scripts/simv: undefined symbol: vhdi_ist_clone')
ANF: vhdi_ist_free('/home/hdeng/ic/iEEG_Transformer_Project2/Scripts/simv: undefined symbol: vhdi_ist_free')
ANF: vhdi_ist_hash_key('/home/hdeng/ic/iEEG_Transformer_Project2/Scripts/simv: undefined symbol: vhdi_ist_hash_key')
ANF: vhdi_ist_compare('/home/hdeng/ic/iEEG_Transformer_Project2/Scripts/simv: undefined symbol: vhdi_ist_compare')
ANF: vhdi_ist_get_value_addr('/home/hdeng/ic/iEEG_Transformer_Project2/Scripts/simv: undefined symbol: vhdi_ist_get_value_addr')
ANF: vhdi_set_scsd_callback('/home/hdeng/ic/iEEG_Transformer_Project2/Scripts/simv: undefined symbol: vhdi_set_scsd_callback')
ANF: vhdi_cbk_set_force_callback('/home/hdeng/ic/iEEG_Transformer_Project2/Scripts/simv: undefined symbol: vhdi_cbk_set_force_callback')
ANF: vhdi_trigger_init_force('/home/hdeng/ic/iEEG_Transformer_Project2/Scripts/simv: undefined symbol: vhdi_trigger_init_force')
ANF: vhdi_ist_check_scsd_callback('/home/hdeng/ic/iEEG_Transformer_Project2/Scripts/simv: undefined symbol: vhdi_ist_check_scsd_callback')
ANF: vhdi_ist_add_scsd_callback('/home/hdeng/ic/iEEG_Transformer_Project2/Scripts/simv: undefined symbol: vhdi_ist_add_scsd_callback')
ANF: vhdi_ist_remove_scsd_callback('/home/hdeng/ic/iEEG_Transformer_Project2/Scripts/simv: undefined symbol: vhdi_ist_remove_scsd_callback')
ANF: vhdi_ist_get_scsd_user_data('/home/hdeng/ic/iEEG_Transformer_Project2/Scripts/simv: undefined symbol: vhdi_ist_get_scsd_user_data')
ANF: vhdi_add_time_change_callback('/home/hdeng/ic/iEEG_Transformer_Project2/Scripts/simv: undefined symbol: vhdi_add_time_change_callback')
ANF: vhdi_get_real_value_by_value_addr('/home/hdeng/ic/iEEG_Transformer_Project2/Scripts/simv: undefined symbol: vhdi_get_real_value_by_value_addr')
ANF: vhdi_get_64_value_by_value_addr('/home/hdeng/ic/iEEG_Transformer_Project2/Scripts/simv: undefined symbol: vhdi_get_64_value_by_value_addr')
ANF: vhdi_xprop_inst_is_promoted('/home/hdeng/ic/iEEG_Transformer_Project2/Scripts/simv: undefined symbol: vhdi_xprop_inst_is_promoted')
ANF: vdi_ist_convert_by_vhdi('/home/hdeng/ic/iEEG_Transformer_Project2/Scripts/simv: undefined symbol: vdi_ist_convert_by_vhdi')
ANF: vhdi_ist_get_module_id('/home/hdeng/ic/iEEG_Transformer_Project2/Scripts/simv: undefined symbol: vhdi_ist_get_module_id')
ANF: vhdi_refine_foreign_scope_type('/home/hdeng/ic/iEEG_Transformer_Project2/Scripts/simv: undefined symbol: vhdi_refine_foreign_scope_type')
ANF: vhdi_flush_callback('/home/hdeng/ic/iEEG_Transformer_Project2/Scripts/simv: undefined symbol: vhdi_flush_callback')
ANF: vhdi_set_orig_name('/home/hdeng/ic/iEEG_Transformer_Project2/Scripts/simv: undefined symbol: vhdi_set_orig_name')
ANF: vhdi_set_dump_pt('/home/hdeng/ic/iEEG_Transformer_Project2/Scripts/simv: undefined symbol: vhdi_set_dump_pt')
ANF: vhdi_get_fsdb_option('/home/hdeng/ic/iEEG_Transformer_Project2/Scripts/simv: undefined symbol: vhdi_get_fsdb_option')
ANF: vhdi_fgp_get_mode('/home/hdeng/ic/iEEG_Transformer_Project2/Scripts/simv: undefined symbol: vhdi_fgp_get_mode')
ANF: vhdi_node_register_composite_var('/home/hdeng/ic/iEEG_Transformer_Project2/Scripts/simv: undefined symbol: vhdi_node_register_composite_var')
ANF: vhdi_node_analysis('/home/hdeng/ic/iEEG_Transformer_Project2/Scripts/simv: undefined symbol: vhdi_node_analysis')
ANF: vhdi_node_id('/home/hdeng/ic/iEEG_Transformer_Project2/Scripts/simv: undefined symbol: vhdi_node_id')
ANF: vhdi_node_ist_check_scsd_callback('/home/hdeng/ic/iEEG_Transformer_Project2/Scripts/simv: undefined symbol: vhdi_node_ist_check_scsd_callback')
ANF: vhdi_node_ist_add_scsd_callback('/home/hdeng/ic/iEEG_Transformer_Project2/Scripts/simv: undefined symbol: vhdi_node_ist_add_scsd_callback')
ANF: vhdi_node_ist_get_value_addr('/home/hdeng/ic/iEEG_Transformer_Project2/Scripts/simv: undefined symbol: vhdi_node_ist_get_value_addr')
ANF: vhdi_enc_def_traverse_module('/home/hdeng/ic/iEEG_Transformer_Project2/Scripts/simv: undefined symbol: vhdi_enc_def_traverse_module')
ANF: vhdi_enc_def_traverse_scope('/home/hdeng/ic/iEEG_Transformer_Project2/Scripts/simv: undefined symbol: vhdi_enc_def_traverse_scope')
ANF: vhdi_enc_def_traverse_variable('/home/hdeng/ic/iEEG_Transformer_Project2/Scripts/simv: undefined symbol: vhdi_enc_def_traverse_variable')
ANF: vhdi_enc_ist_traverse_scope('/home/hdeng/ic/iEEG_Transformer_Project2/Scripts/simv: undefined symbol: vhdi_enc_ist_traverse_scope')
ANF: vhdi_enc_ist_traverse_variable('/home/hdeng/ic/iEEG_Transformer_Project2/Scripts/simv: undefined symbol: vhdi_enc_ist_traverse_variable')
ANF: vhdi_enc_ist_get_module_id('/home/hdeng/ic/iEEG_Transformer_Project2/Scripts/simv: undefined symbol: vhdi_enc_ist_get_module_id')
ANF: vhdi_enc_def_get_handle_by_module_id('/home/hdeng/ic/iEEG_Transformer_Project2/Scripts/simv: undefined symbol: vhdi_enc_def_get_handle_by_module_id')
VCS compile option:
 option[0]: /home/hdeng/ic/iEEG_Transformer_Project2/Scripts/simv
 option[1]: +vcs
 option[2]: +dumparrays
 option[3]: +vcd
 option[4]: +vcdpluson
 option[5]: +define
 option[6]: +DUMPFSDB
 option[7]: +v2k
 option[8]: +lint=TFIPC-L
 option[9]: +verilog2001
 option[10]: -sml=verdi
 option[11]: +UVM_VERDI_TRACE=UVM_AWARE
 option[12]: +fsdb+gate=off
 option[13]: -ucli2Proc
 option[14]: -lca
 option[15]: -ucli
 option[16]: -l
 option[17]: /tmp/vcs_20260130115941_30143/verdi_01_30_2026_hdeng_31142/sim.log
 option[18]: /softs/synopsys/vcs/2022/linux64/bin/vcs1
 option[19]: -Mcc=gcc
 option[20]: -Mcplusplus=g++
 option[21]: -Masflags=
 option[22]: -Mcfl= -pipe -fPIC -O -I/softs/synopsys/vcs/2022/include 
 option[23]: -Mxllcflags=
 option[24]: -Mxcflags= -pipe -fPIC -I/softs/synopsys/vcs/2022/include
 option[25]: -Mldflags= -rdynamic 
 option[26]: -Mout=simv
 option[27]: -Mamsrun=
 option[28]: -Mvcsaceobjs=
 option[29]: -Mobjects= /softs/synopsys/vcs/2022/linux64/lib/libvirsim.so /softs/synopsys/vcs/2022/linux64/lib/liberrorinf.so /softs/synopsys/vcs/2022/linux64/lib/libsnpsmalloc.so /softs/synopsys/vcs/2022/linux64/lib/libvfs.so /softs/synopsys/verdi/T-2022.06-1/share/PLI/VCS/LINUX64/pli.a 
 option[30]: -Mexternalobj=
 option[31]: -Msaverestoreobj=/softs/synopsys/vcs/2022/linux64/lib/vcs_save_restore_new.o
 option[32]: -Mcrt0=
 option[33]: -Mcrtn=
 option[34]: -Mcsrc=
 option[35]: -Msyslibs=/softs/synopsys/verdi/2022.06/share/PLI/VCS/LINUX64/pli.a -ldl -lm 
 option[36]: -l
 option[37]: comp.log
 option[38]: -Xvcs_run_simv=1
 option[39]: -gui
 option[40]: -full64
 option[41]: -debug_access+pp
 option[42]: +vpi
 option[43]: +vcsd1
 option[44]: +itf+/softs/synopsys/vcs/2022/linux64/lib/vcsdp_lite.tab
 option[45]: -debug_region+cell+encrypt
 option[46]: +vcs
 option[47]: +dumparrays
 option[48]: +vcd
 option[49]: +vcdpluson
 option[50]: -P
 option[51]: /softs/synopsys/verdi/T-2022.06-1/share/PLI/VCS/LINUX64/novas.tab
 option[52]: +define
 option[53]: +DUMPFSDB
 option[54]: -kdb
 option[55]: -Xufe=2steps
 option[56]: -lca
 option[57]: +v2k
 option[58]: +lint=TFIPC-L
 option[59]: +verilog2001
 option[60]: -o
 option[61]: simv
 option[62]: -picarchive
 option[63]: -ucli
 option[64]: -P
 option[65]: /softs/synopsys/verdi/2022.06/share/PLI/VCS/LINUX64/verdi.tab
 option[66]: -fsdb
 option[67]: -sverilog
 option[68]: -gen_obj
 option[69]: /dkits/tsmc/65nm/IP_65nm/LP/STDCELL_IO/designPackage/stclib/9-track/Front_End/verilog/tcbn65lphvt_200a/tcbn65lphvt.v
 option[70]: /dkits/tsmc/65nm/IP_65nm/LP/STDCELL_IO/designPackage/stclib/9-track/Front_End/verilog/tcbn65lp_200a/tcbn65lp.v
 option[71]: /home/hdeng/ic/iEEG_Transformer_Project2/Scripts/Syn/newMAC_v5/newMAC_v5.v
 option[72]: /home/hdeng/ic/iEEG_Transformer_Project2/Scripts/Syn/traditionalMac_v1/traditionalMac_v1.v
 option[73]: /home/hdeng/ic/iEEG_Transformer_Project2/RTL/new_MAC_PE/newMAC_8b_tb.sv
 option[74]: -load
 option[75]: /softs/synopsys/verdi/2022.06/share/PLI/VCS/LINUX64/libnovas.so:FSDBDumpCmd
Chronologic Simulation VCS Release T-2022.06-SP2_Full64
Linux 5.10.9-1.el7.elrepo.x86_64 #1 SMP Mon Jan 18 17:47:08 EST 2021 x86_64
CPU cores: 128
Limit information:
======================================
cputime		unlimited
filesize		unlimited
datasize		unlimited
stacksize		8192 kbytes
coredumpsize		0 kbytes
memoryuse		unlimited
vmemoryuse		unlimited
descriptors		4096
memorylocked		64 kbytes
maxproc		4096
======================================
(Special)Runtime environment variables:

Runtime environment variables:
EDADK_DKITS=/dkits
LATEX_VERSION=latest
MANPATH=/softs/synopsys/dc/2022.03/doc/dc/man
SYNOPSYS_LC_ROOT=/softs/synopsys/lc/2020.09
SSH_AGENT_PID=6393
XDG_SESSION_ID=c47
SNPS_VCS_INTERNAL_MAKE_OPT=
__MODULES_LMINIT=module use --append /usr/share/Modules/modulefiles:module use --append /etc/modulefiles:module use --append /usr/share/modulefiles
TERM_PROGRAM=vscode
NOVAS_SYNC_MOTIF_DISP=
XRDP_SOCKET_PATH=/run/xrdp
UNAME=/bin/uname
SNPS_VERDI_INTERNAL_LP_XML_NEW_FLOW=1
GPG_AGENT_INFO=/home/hdeng/.gnupg/S.gpg-agent:6396:1
SCRNAME=vcs
TERM=xterm-256color
VTE_VERSION=5204
MODULES_CMD=/usr/share/Modules/libexec/modulecmd.tcl
HOST=inlsrv3
SHELL=/bin/tcsh
VCS_DEPTH=0
TOOLS_BIN_PATH=/tools/bin
SPS_FONT_PATH=/softs/synopsys/verdi/2022.06/font
TERM_PROGRAM_VERSION=1.85.2
VSCODE_SERVER_CUSTOM_GLIBC_LINKER=/opt/vscode_syspath/x86_64-linux-gnu/x86_64-linux-gnu/sysroot/lib/ld-2.28.so
OS_LDFLAGS=
WINDOWID=69208553
SPS_XFONT_PATH=/softs/synopsys/verdi/2022.06/XFont
QTDIR=/usr/lib64/qt-3.3
ORIGINAL_XDG_CURRENT_DESKTOP=undefined
VCS_LOG_FILE=comp.log
VCS_PATHMAP_PRELOAD_DONE=1
QTINC=/usr/lib64/qt-3.3/include
EDADK_SCRIPTS=/edadk/scripts
HSPICE_VERS=2021.09
LC_ALL=C
QT_GRAPHICSSYSTEM_CHECKED=1
SNPS_VCS_INTERNAL_ROOT_PID=30143
USER=hdeng
GROUP=inl
HSP_HOME=/hspice/2021.09/hspice
LS_COLORS=rs=0:di=38;5;27:ln=38;5;51:mh=44;38;5;15:pi=40;38;5;11:so=38;5;13:do=38;5;5:bd=48;5;232;38;5;11:cd=48;5;232;38;5;3:or=48;5;232;38;5;9:mi=05;48;5;232;38;5;15:su=48;5;196;38;5;15:sg=48;5;11;38;5;16:ca=48;5;196;38;5;226:tw=48;5;10;38;5;16:ow=48;5;10;38;5;21:st=48;5;21;38;5;15:ex=38;5;34:*.tar=38;5;9:*.tgz=38;5;9:*.arc=38;5;9:*.arj=38;5;9:*.taz=38;5;9:*.lha=38;5;9:*.lz4=38;5;9:*.lzh=38;5;9:*.lzma=38;5;9:*.tlz=38;5;9:*.txz=38;5;9:*.tzo=38;5;9:*.t7z=38;5;9:*.zip=38;5;9:*.z=38;5;9:*.Z=38;5;9:*.dz=38;5;9:*.gz=38;5;9:*.lrz=38;5;9:*.lz=38;5;9:*.lzo=38;5;9:*.xz=38;5;9:*.bz2=38;5;9:*.bz=38;5;9:*.tbz=38;5;9:*.tbz2=38;5;9:*.tz=38;5;9:*.deb=38;5;9:*.rpm=38;5;9:*.jar=38;5;9:*.war=38;5;9:*.ear=38;5;9:*.sar=38;5;9:*.rar=38;5;9:*.alz=38;5;9:*.ace=38;5;9:*.zoo=38;5;9:*.cpio=38;5;9:*.7z=38;5;9:*.rz=38;5;9:*.cab=38;5;9:*.jpg=38;5;13:*.jpeg=38;5;13:*.gif=38;5;13:*.bmp=38;5;13:*.pbm=38;5;13:*.pgm=38;5;13:*.ppm=38;5;13:*.tga=38;5;13:*.xbm=38;5;13:*.xpm=38;5;13:*.tif=38;5;13:*.tiff=38;5;13:*.png=38;5;13:*.svg=38;5;13:*.svgz=38;5;13:*.mng=38;5;13:*.pcx=38;5;13:*.mov=38;5;13:*.mpg=38;5;13:*.mpeg=38;5;13:*.m2v=38;5;13:*.mkv=38;5;13:*.webm=38;5;13:*.ogm=38;5;13:*.mp4=38;5;13:*.m4v=38;5;13:*.mp4v=38;5;13:*.vob=38;5;13:*.qt=38;5;13:*.nuv=38;5;13:*.wmv=38;5;13:*.asf=38;5;13:*.rm=38;5;13:*.rmvb=38;5;13:*.flc=38;5;13:*.avi=38;5;13:*.fli=38;5;13:*.flv=38;5;13:*.gl=38;5;13:*.dl=38;5;13:*.xcf=38;5;13:*.xwd=38;5;13:*.yuv=38;5;13:*.cgm=38;5;13:*.emf=38;5;13:*.axv=38;5;13:*.anx=38;5;13:*.ogv=38;5;13:*.ogx=38;5;13:*.aac=38;5;45:*.au=38;5;45:*.flac=38;5;45:*.mid=38;5;45:*.midi=38;5;45:*.mka=38;5;45:*.mp3=38;5;45:*.mpc=38;5;45:*.ogg=38;5;45:*.ra=38;5;45:*.wav=38;5;45:*.axa=38;5;45:*.oga=38;5;45:*.spx=38;5;45:*.xspf=38;5;45:
LD_LIBRARY_PATH=/softs/synopsys/vcs/2022/lib:/softs/synopsys/vcs/2022/linux64/lib:/softs/synopsys/verdi/T-2022.06-1/share/PLI/VCS/linux64
XNLSPATH=/softs/synopsys/verdi/2022.06/etc/access/nls
SCRIPT_NAME=vcs
HOSTTYPE=x86_64-linux
SSH_AUTH_SOCK=/tmp/ssh-zPShVihRcrTF/agent.6391
VSCODE_SERVER_CUSTOM_GLIBC_PATH=/opt/vscode_syspath/x86_64-linux-gnu/x86_64-linux-gnu/sysroot/lib
VCS_MX_HOME_INTERNAL=1
MALLOC_ARENA_MAX=1
SNPS_VCS_CLANG_PATH=/softs/synopsys/vcs/2022/linux64/clang
SNPSLMD_LICENSE_FILE=27020@edalicsrv.epfl.ch:27000@ielsrv01.epfl.ch
VCS_USER_OPTIONS=-gui -full64 -R -debug_access+pp -debug_region+cell+encrypt +vcs +dumparrays +vcd +vcdpluson -P /softs/synopsys/verdi/T-2022.06-1/share/PLI/VCS/LINUX64/novas.tab /softs/synopsys/verdi/T-2022.06-1/share/PLI/VCS/LINUX64/pli.a +define +DUMPFSDB -kdb -lca -l comp.log +v2k +lint=TFIPC-L +verilog2001 -sverilog /dkits/tsmc/65nm/IP_65nm/LP/STDCELL_IO/designPackage/stclib/9-track/Front_End/verilog/tcbn65lphvt_200a/tcbn65lphvt.v /dkits/tsmc/65nm/IP_65nm/LP/STDCELL_IO/designPackage/stclib/9-track/Front_End/verilog/tcbn65lp_200a/tcbn65lp.v /home/hdeng/ic/iEEG_Transformer_Project2/Scripts/Syn/newMAC_v5/newMAC_v5.v /home/hdeng/ic/iEEG_Transformer_Project2/Scripts/Syn/traditionalMac_v1/traditionalMac_v1.v /home/hdeng/ic/iEEG_Transformer_Project2/RTL/new_MAC_PE/newMAC_8b_tb.sv -o simv
XRDP_PULSE_SINK_SOCKET=xrdp_chansrv_audio_out_socket_12
OVA_UUM=0
EDADK_HOME=/edadk
PULSE_SCRIPT=/etc/xrdp/pulse/default.pa
MATLAB_PATH=/tools/MATLAB/latest/bin
TSMC_SITE=/dkits/tsmc/site
VCS_MODE_FLAG=64
TCL_TOOL_PATH=/tools
MAIL=/var/spool/mail/hdeng
PATH=.:/softs/synopsys/site/bin:/softs/synopsys/sold:/softs/synopsys/verdi/2022.06/bin:/softs/synopsys/vcs/2022/bin:/softs/synopsys/ppower/2022.12/bin:/softs/synopsys/lc/2020.09/bin:/softs/synopsys/hspice/2021.09/hspice/linux:/softs/synopsys/hspice/2021.09/hspice/bin:/softs/synopsys/dc/2022.03/bin:/tools/MATLAB/latest/bin:/tools/anaconda/latest/bin:/tools/texlive/latest/bin/x86_64-linux:/tools/bin:/usr/lib64/qt-3.3/bin:/usr/share/Modules/bin:/edadk/bin:/usr/lib64/ccache:/sbin:/bin:/usr/bin:/usr/local/bin
VERDI_HOME=/softs/synopsys/verdi/2022.06
SNPS_VCS_INTERNAL_CURR_PID=30143
EDADK_STARTUP=/edadk/startup
PWD=/home/hdeng/ic/iEEG_Transformer_Project2/Scripts
XMODIFIERS=@im=none
VCS_HOME=/softs/synopsys/vcs/2022
TSMC_CAL_RCX_PATH=/dkits/tsmc/crn65lp_EP_1.7b_2ff_1p9m6x1z1u_alrdl/Calibre/rcx
TCL_BASE_PATH=/usr/lib64/qt-3.3/bin:/usr/share/Modules/bin:/edadk/bin:/usr/lib64/ccache:/sbin:/bin:/usr/bin:/usr/local/bin
XRDP_SESSION=1
SNPS_INTERNAL_VCS_LINUX_OS=linux
SNPS_VCS_INTERNAL_MEMPRELOAD_USE_LIBC=1
SYS_PROG_NAME=verdi
LANG=C
XRDP_PULSE_SOURCE_SOCKET=xrdp_chansrv_audio_in_socket_12
CONDA_PKGS_DIRS=/home/hdeng/conda/pkgs:/tools/anaconda/latest/pkgs
EDADK_CONF_FILE=edadk.conf
MODULEPATH=/usr/share/Modules/modulefiles:/etc/modulefiles:/usr/share/modulefiles
GDK_BACKEND=x11
LOADEDMODULES=
KDEDIRS=/usr
LATEX_PATH=/tools/texlive/latest/bin/x86_64-linux
CHROME_DESKTOP=code-url-handler.desktop
VSCODE_GIT_ASKPASS_EXTRA_ARGS=--ms-enable-electron-run-as-node
TURBO_LOG_DIR=/tmp/vcs_20260130115941_30143
VMR_MODE_FLAG=64
SYS_INST_DIR=/softs/synopsys/verdi/2022.06
CONDA_ENVS_PATH=/home/hdeng/conda/envs:/tools/anaconda/latest/envs
SYNOPSYS=/softs/synopsys/dc/2022.03
TSMC_DK_VERS=crn65lp_EP_1.7b_2ff_1p9m6x1z1u_alrdl
SSH_ASKPASS=/usr/libexec/openssh/gnome-ssh-askpass
SNPS_VCS_TMPDIR=/tmp/vcs_20260130115941_30143
VCS_ARG_ADDED_FOR_TMP=1
SHLVL=7
HOME=/home/hdeng
ANACONDA_VERSION=latest
OSTYPE=linux
VSCODE_GIT_ASKPASS_MAIN=/usr/share/code/resources/app/extensions/git/dist/askpass-main.js
SNPS_SITE=/softs/synopsys/site
VCS_EXEC_DONE=1
VERDI_ORIGNAL_LD_LIBRARY_PATH=/softs/synopsys/vcs/2022/lib:/softs/synopsys/vcs/2022/linux64/lib:/softs/synopsys/verdi/T-2022.06-1/share/PLI/VCS/linux64
VENDOR=unknown
VCS_COM=/softs/synopsys/vcs/2022/linux64/bin/vcs1
LOGNAME=hdeng
MACHTYPE=x86_64
TSMC_DIR=/dkits/tsmc
CVS_RSH=ssh
EDADK_CONF=/edadk/conf
QTLIB=/usr/lib64/qt-3.3/lib
VSCODE_SERVER_PATCHELF_PATH=/opt/vscode_syspath/bin/patchelf
SNPS_VCS_INTERNAL_MAKE=make
DBUS_SESSION_BUS_ADDRESS=unix:abstract=/tmp/dbus-SlZWQjC0wz,guid=7ebe5eea6f68db20b755e8956943f882
XDG_DATA_DIRS=/tools/anaconda/latest/share/:/home/hdeng/.local/share:/flatpak/exports/share:/var/lib/flatpak/exports/share:/usr/local/share:/usr/share
VSCODE_GIT_IPC_HANDLE=/run/user/288949/vscode-git-5e384ff3f1.sock
SNPS_DC_VERS=2022.03
SNPS_VCS_INTERNAL_ROOT_START_TIME=1769774381.291466230
NOVASHLPPATH=/softs/synopsys/verdi/2022.06/doc
SPS_RGB_PATH=/softs/synopsys/verdi/2022.06/etc/rgb
UID=288949
MODULESHOME=/usr/share/Modules
TSMC_CAL_DFM_PATH=/dkits/tsmc/crn65lp_EP_1.7b_2ff_1p9m6x1z1u_alrdl/Calibre/lvs/DFM
LESSOPEN=||/usr/bin/lesspipe.sh %s
SYNOPSYS_SYN_ROOT=/softs/synopsys/lc/2020.09
EDADK_SOFTS=/softs
EDADK_BIN=/edadk/bin
GIT_ASKPASS=/usr/share/code/resources/app/extensions/git/dist/askpass.sh
VSCODE_GIT_ASKPASS_NODE=/usr/share/code/code
sysc_uni_pwd=/home/hdeng/ic/iEEG_Transformer_Project2/Scripts
LD_NOVERSION=1
XDG_RUNTIME_DIR=/run/user/288949
MATLAB_VERSION=latest
DISPLAY=:12.0
QT_PLUGIN_PATH=/softs/synopsys/verdi/2022.06/platform/LINUXAMD64/lib/Qt/plugins
VCS_ARCH=linux64
TOOL_HOME=/softs/synopsys/vcs/2022/linux64
NO_AT_BRIDGE=1
ANACONDA_PATH=/tools/anaconda/latest
COLORTERM=truecolor
PS_HWPC=OFF
NOVAS_LC_ALL=C
SIMV_DAIDIR_PATH=/home/hdeng/ic/iEEG_Transformer_Project2/Scripts/simv.daidir
NOVAS_SIGNAL_BASE_EXTRACTION=1
SIGNAL_BASE_EXTRACTION=1
NOVAS_VERDI_SVTB_BETA=1
VERDI_SVTB_BETA=1
NOVAS_VERDI_SVTB_ALPHA=1
VERDI_SVTB_ALPHA=1
NOVAS_VERDI_TB_HT=1
VERDI_TB_HT=1
NOVAS_WAVE_REDRAW_ALLVC=1
WAVE_REDRAW_ALLVC=1
NOVAS_TCL_LIBRARY=/softs/synopsys/verdi/2022.06/etc/access/tcl86_library
TCL_LIBRARY=/softs/synopsys/verdi/2022.06/etc/access/tcl86_library
XKEYSYMDB=/softs/synopsys/verdi/2022.06/etc/access/XKeysymDB2.1
XLOCALEDIR=/softs/synopsys/verdi/2022.06/etc/access/locale
NOVAS_SIGNAL_BASED_BA=0
SIGNAL_BASED_BA=0
SNPS_SIM_DEFAULT_GUI=verdi
FSDB_FILE=/home/hdeng/ic/iEEG_Transformer_Project2/Scripts/inter.fsdb
TBSIM_SIM_LOG_PATH=/home/hdeng/ic/iEEG_Transformer_Project2/Scripts/comp.log
VCS_UCLI_STDIN_BLOCKING=1
FSDB_VHDL_PROTECTED=1
FSDB_RD_IR_ENABLE=1
FSDB_SVA_STATUS=1
VCS_STACK_EXEC=true
VCS_STOP_SAFE=1
DVE_SIM_SELECT_LOOP=on
VCS_LCAMSG_PRINT_OFF=1
FLEXLM_BORROWFILE=/home/hdeng/.inlsrv3-borrow.txt
Runtime command line arguments:
argv[0]=/home/hdeng/ic/iEEG_Transformer_Project2/Scripts/simv
argv[1]=+vcs
argv[2]=+dumparrays
argv[3]=+vcd
argv[4]=+vcdpluson
argv[5]=+define
argv[6]=+DUMPFSDB
argv[7]=+v2k
argv[8]=+lint=TFIPC-L
argv[9]=+verilog2001
argv[10]=-sml=verdi
argv[11]=+UVM_VERDI_TRACE=UVM_AWARE
argv[12]=+fsdb+gate=off
argv[13]=-ucli2Proc
argv[14]=-lca
argv[15]=-ucli
argv[16]=-l
argv[17]=/tmp/vcs_20260130115941_30143/verdi_01_30_2026_hdeng_31142/sim.log
369 profile - 100
          CPU/Mem usage: 0.020 sys,  0.110 user,  292.00M mem
370 Elapsed time:    0:00:01    Fri Jan 30 12:59:49 2026
371 User CPU time used: 0 seconds
372 System CPU time used: 0 seconds
373 pliAppInit
374 [pliEnvSetDefaultValueWithLCA] start
375 [pliEnvSetDefaultValueWithLCA] end
376 ndpGetenv(FSDB_FILE): /home/hdeng/ic/iEEG_Transformer_Project2/Scripts/inter.fsdb
377 ndpGetenv(FSDB_SVA_STATUS): 1
378 ndpGetenv(FSDB_VHDL_PROTECTED): 1
379 [SC]Init: MemoryConsumed=0.00MB ElapsedTime=0hour 0min. 0sec.
380 FSDB_GATE & FSDB_RTL is disabled.
381 FSDB_ALIAS_ARRAY_ELEM is set to 4294967295.
382 Enable Parallel Dumping.
383 pliAppMiscSet: New Sim Round
384 pliEntryInit
385 LIBSSCORE=found /softs/synopsys/verdi/2022.06/share/PLI/lib/LINUXAMD64/libsscore_vcs202206.so through $NOVAS_HOME setting.
386 FSDB Dumper for VCS, Release Verdi_T-2022.06-1, Linux x86_64/64bit, 07/14/2022
387 (C) 1996 - 2022 by Synopsys, Inc.
388 sps_tcl_fsdbDumpfile_main at 0
389 argv[0]: /home/hdeng/ic/iEEG_Transformer_Project2/Scripts/inter.fsdb
390 *Verdi* : Create FSDB file '/home/hdeng/ic/iEEG_Transformer_Project2/Scripts/inter.fsdb'
391 [spi_vcs_vd_ppi_create_root]: no upf option
392 compile option from '/home/hdeng/ic/iEEG_Transformer_Project2/Scripts/simv.daidir/vcs_rebuild'.
393   "vcs '-gui' '-full64' '-R' '-debug_access+pp' '-debug_region+cell+encrypt' '+vcs' '+dumparrays' '+vcd' '+vcdpluson' '-P' '/softs/synopsys/verdi/T-2022.06-1/share/PLI/VCS/LINUX64/novas.tab' '/softs/synopsys/verdi/T-2022.06-1/share/PLI/VCS/LINUX64/pli.a' '+define' '+DUMPFSDB' '-kdb' '-lca' '-l' 'comp.log' '+v2k' '+lint=TFIPC-L' '+verilog2001' '-sverilog' '/dkits/tsmc/65nm/IP_65nm/LP/STDCELL_IO/designPackage/stclib/9-track/Front_End/verilog/tcbn65lphvt_200a/tcbn65lphvt.v' '/dkits/tsmc/65nm/IP_65nm/LP/STDCELL_IO/designPackage/stclib/9-track/Front_End/verilog/tcbn65lp_200a/tcbn65lp.v' '/home/hdeng/ic/iEEG_Transformer_Project2/Scripts/Syn/newMAC_v5/newMAC_v5.v' '/home/hdeng/ic/iEEG_Transformer_Project2/Scripts/Syn/traditionalMac_v1/traditionalMac_v1.v' '/home/hdeng/ic/iEEG_Transformer_Project2/RTL/new_MAC_PE/newMAC_8b_tb.sv' '-o' 'simv' 2>&1"
394 sps_tcl_fsdbDumpflush_vd_main at 0 : N/A(0)
395 *Verdi* : Flush all FSDB Files at 00 ps.
396 sps_tcl_fsdbDumpflush_vd_main at 0 : N/A(0)
397 *Verdi* : Flush all FSDB Files at 00 ps.
398 DVDI_is_vir_unload_enabled is enable
399 FSDB_VCS_ENABLE_NATIVE_VC is enable
400 sps_tcl_fsdbDumpvars_vd_main
401 argv[0]: 1
402 argv[1]: newMAC_tb.output_result_NMAC
403 argv[2]: +all
404 argv[3]: +trace_process
405 *Verdi* : Dumping the signal (newMAC_tb.output_result_NMAC).
406 pliAppHDL_DumpVarComplete traverse var: profile - 
          CPU/Mem usage: 0.070 sys,  0.190 user,  390.75M mem
                   incr: 0.000 sys,  0.000 user,  3.10M mem
                   accu: 0.000 sys,  0.000 user,  3.10M mem
              accu incr: 0.000 sys,  0.000 user,  3.10M mem

          Count usage: 0 var,  1 idcode,  1 callback
                 incr: 0 var,  1 idcode,  1 callback
                 accu: 0 var,  1 idcode,  1 callback
            accu incr: 0 var,  1 idcode,  1 callback
407 Elapsed time:    0:00:13    Fri Jan 30 13:00:01 2026
408 User CPU time used: 0 seconds
409 System CPU time used: 0 seconds
410 pliAppHDL_DumpVarComplete: profile - 
          CPU/Mem usage: 0.070 sys,  0.190 user,  391.81M mem
                   incr: 0.000 sys,  0.000 user,  1.05M mem
                   accu: 0.000 sys,  0.000 user,  4.16M mem
              accu incr: 0.000 sys,  0.000 user,  1.05M mem

          Count usage: 0 var,  1 idcode,  1 callback
                 incr: 0 var,  0 idcode,  0 callback
                 accu: 0 var,  1 idcode,  1 callback
            accu incr: 0 var,  0 idcode,  0 callback
411 Elapsed time:    0:00:13    Fri Jan 30 13:00:01 2026
412 User CPU time used: 0 seconds
413 System CPU time used: 0 seconds
414 sps_tcl_fsdbDumpvars_vd_main
415 argv[0]: 1
416 argv[1]: newMAC_tb.output_result_TMAC
417 argv[2]: +all
418 argv[3]: +trace_process
419 *Verdi* : Dumping the signal (newMAC_tb.output_result_TMAC).
420 pliAppHDL_DumpVarComplete traverse var: profile - 
          CPU/Mem usage: 0.070 sys,  0.190 user,  391.81M mem
                   incr: 0.000 sys,  0.000 user,  0.00M mem
                   accu: 0.000 sys,  0.000 user,  0.00M mem
              accu incr: 0.000 sys,  0.000 user,  0.00M mem

          Count usage: 0 var,  2 idcode,  2 callback
                 incr: 0 var,  1 idcode,  1 callback
                 accu: 0 var,  1 idcode,  1 callback
            accu incr: 0 var,  1 idcode,  1 callback
421 Elapsed time:    0:00:13    Fri Jan 30 13:00:01 2026
422 User CPU time used: 0 seconds
423 System CPU time used: 0 seconds
424 pliAppHDL_DumpVarComplete: profile - 
          CPU/Mem usage: 0.070 sys,  0.190 user,  391.81M mem
                   incr: 0.000 sys,  0.000 user,  0.00M mem
                   accu: 0.000 sys,  0.000 user,  0.00M mem
              accu incr: 0.000 sys,  0.000 user,  0.00M mem

          Count usage: 0 var,  2 idcode,  2 callback
                 incr: 0 var,  0 idcode,  0 callback
                 accu: 0 var,  1 idcode,  1 callback
            accu incr: 0 var,  0 idcode,  0 callback
425 Elapsed time:    0:00:13    Fri Jan 30 13:00:01 2026
426 User CPU time used: 0 seconds
427 System CPU time used: 0 seconds
428 sps_tcl_fsdbDumpflush_vd_main at 0 : N/A(0)
429 *Verdi* : Flush all FSDB Files at 00 ps.
430 sps_tcl_fsdbDumpflush_vd_main at 176000 : N/A(0)
431 *Verdi* : Flush all FSDB Files at 1,760,000 ps.
432 End of simulation at 176000
433 Memory usage: 393.925 M
434 Maximum resident set size: 138 MB
435 Hard page faults: 241
436 Soft page faults: 11519
437 Elapsed time:    0:00:55    Fri Jan 30 13:00:43 2026
438 User CPU time used: 0 seconds
439 System CPU time used: 0 seconds
440 Begin FSDB profile info:
441 FSDB Writer : bc1(0) bcn(253) mtf/stf(0/4)
FSDB Writer elapsed time : flush(0.034498) io wait(0.000000) theadpool wait(0.000000)
FSDB Writer cpu time : MT Compression : 0
442 End FSDB profile info
443 FSDB closed. Name: /home/hdeng/ic/iEEG_Transformer_Project2/Scripts/inter.fsdb Size: 9686
444 Parallel profile     - ProducerThread:1 ConsumerThread:1 Buffer:64MB
445                      - BlockUsed:1 Acquire:417 BufferUsed:6672
446                      - Flush:8 Expand:0 ProducerWait:0 ConsumerWait:0
447                      - MainProducerTime:0.511239666 TotalConsumerTime:0.000000000
448                      - ElapsedTime:54.831648000
449 Producer   0 profile - BlockUsed:1 Acquire:417 BufferUsed:6672
450 Consumer   0 profile - Affinity:-1 CPUTime:0.000000000 LifeTime:0.000000000 (-nan%)
451                      - BlockUsed:1 Acquire:417 BufferUsed:6672
452 SimExit
453 Elapsed time:    0:00:56    Fri Jan 30 13:00:44 2026
454 User CPU time used: 0 seconds
455 System CPU time used: 0 seconds
456 Sim process exit
